Do 19. Sep 10:11:46 CEST 2019 start sage test
              total        used        free      shared  buff/cache   available
Mem:    540822224896  3461136384 536662269952    26787840   698818560 535797305344
Swap:             0           0           0

              total        used        free      shared  buff/cache   available
Mem:    540822224896  4027613184 536095211520    26787840   699400192 535230267392
Swap:             0           0           0

              total        used        free      shared  buff/cache   available
Mem:    540822224896  5261479936 534861344768    26787840   699400192 533996400640
Swap:             0           0           0

              total        used        free      shared  buff/cache   available
Mem:    540822224896  6384328704 533738459136    26787840   699437056 532873515008
Swap:             0           0           0

              total        used        free      shared  buff/cache   available
Mem:    540822224896  5437276160 534685511680    26787840   699437056 533820567552
Swap:             0           0           0

              total        used        free      shared  buff/cache   available
Mem:    540822224896  5690392576 534432395264    26787840   699437056 533567451136
Swap:             0           0           0

              total        used        free      shared  buff/cache   available
Mem:    540822224896  5992505344 534130282496    26787840   699437056 533265338368
Swap:             0           0           0

              total        used        free      shared  buff/cache   available
Mem:    540822224896  7453335552 532669452288    26787840   699437056 531804508160
Swap:             0           0           0

              total        used        free      shared  buff/cache   available
Mem:    540822224896  8726282240 531396472832    26787840   699469824 530531528704
Swap:             0           0           0

              total        used        free      shared  buff/cache   available
Mem:    540822224896  9302560768 530820194304    26787840   699469824 529955250176
Swap:             0           0           0

              total        used        free      shared  buff/cache   available
Mem:    540822224896 10007019520 530115735552    26787840   699469824 529250791424
Swap:             0           0           0

              total        used        free      shared  buff/cache   available
Mem:    540822224896 10760298496 529362456576    26787840   699469824 528497512448
Swap:             0           0           0

              total        used        free      shared  buff/cache   available
Mem:    540822224896 11455991808 528665722880    26787840   700510208 527801298944
Swap:             0           0           0

              total        used        free      shared  buff/cache   available
Mem:    540822224896 12152115200 527969599488    26787840   700510208 527105175552
Swap:             0           0           0

              total        used        free      shared  buff/cache   available
Mem:    540822224896 12952698880 527168131072    26787840   701394944 526304378880
Swap:             0           0           0

              total        used        free      shared  buff/cache   available
Mem:    540822224896 13640867840 526479953920    26787840   701403136 525616201728
Swap:             0           0           0

              total        used        free      shared  buff/cache   available
Mem:    540822224896 14341337088 525779484672    26787840   701403136 524915732480
Swap:             0           0           0

              total        used        free      shared  buff/cache   available
Mem:    540822224896 17435381760 522685440000    26787840   701403136 521821687808
Swap:             0           0           0

              total        used        free      shared  buff/cache   available
Mem:    540822224896 20318785536 519802036224    26787840   701403136 518938284032
Swap:             0           0           0

              total        used        free      shared  buff/cache   available
Mem:    540822224896 21319303168 518801502208    26787840   701419520 517937750016
Swap:             0           0           0

              total        used        free      shared  buff/cache   available
Mem:    540822224896 22213246976 517907558400    26787840   701419520 517043806208
Swap:             0           0           0

              total        used        free      shared  buff/cache   available
Mem:    540822224896 23075577856 517045231616    26787840   701415424 516181479424
Swap:             0           0           0

              total        used        free      shared  buff/cache   available
Mem:    540822224896 23797399552 516323409920    26787840   701415424 515459657728
Swap:             0           0           0

              total        used        free      shared  buff/cache   available
Mem:    540822224896 24445747200 515675062272    26787840   701415424 514811310080
Swap:             0           0           0

              total        used        free      shared  buff/cache   available
Mem:    540822224896 25219702784 514901032960    26787840   701489152 514037280768
Swap:             0           0           0

              total        used        free      shared  buff/cache   available
Mem:    540822224896 25893195776 514227539968    26787840   701489152 513363787776
Swap:             0           0           0

              total        used        free      shared  buff/cache   available
Mem:    540822224896 20317024256 519803711488    26787840   701489152 518939959296
Swap:             0           0           0

              total        used        free      shared  buff/cache   available
Mem:    540822224896 26520989696 513599746048    26787840   701489152 512735993856
Swap:             0           0           0

              total        used        free      shared  buff/cache   available
Mem:    540822224896 32841801728 507278934016    26787840   701489152 506415181824
Swap:             0           0           0

              total        used        free      shared  buff/cache   available
Mem:    540822224896 32965771264 507154837504    26787840   701616128 506291089408
Swap:             0           0           0

              total        used        free      shared  buff/cache   available
Mem:    540822224896 33041096704 507079634944    26787840   701493248 506215886848
Swap:             0           0           0

              total        used        free      shared  buff/cache   available
Mem:    540822224896 33165565952 506955165696    26787840   701493248 506091417600
Swap:             0           0           0

              total        used        free      shared  buff/cache   available
Mem:    540822224896 33242861568 506877870080    26787840   701493248 506014121984
Swap:             0           0           0

              total        used        free      shared  buff/cache   available
Mem:    540822224896 33319645184 506801086464    26787840   701493248 505937338368
Swap:             0           0           0

              total        used        free      shared  buff/cache   available
Mem:    540822224896 33496940544 506623741952    26787840   701542400 505759993856
Swap:             0           0           0

              total        used        free      shared  buff/cache   available
Mem:    540822224896 33826803712 506293878784    26787840   701542400 505430130688
Swap:             0           0           0

              total        used        free      shared  buff/cache   available
Mem:    540822224896 34491441152 505629241344    26787840   701542400 504765493248
Swap:             0           0           0

              total        used        free      shared  buff/cache   available
Mem:    540822224896 20474544128 519646138368    26787840   701542400 518782390272
Swap:             0           0           0

              total        used        free      shared  buff/cache   available
Mem:    540822224896 21162708992 518957973504    26787840   701542400 518094225408
Swap:             0           0           0

              total        used        free      shared  buff/cache   available
Mem:    540822224896 21856751616 518264279040    26787840   701194240 517400530944
Swap:             0           0           0

              total        used        free      shared  buff/cache   available
Mem:    540822224896 22574465024 517546565632    26787840   701194240 516682817536
Swap:             0           0           0

              total        used        free      shared  buff/cache   available
Mem:    540822224896 23242190848 516878835712    26787840   701198336 516015087616
Swap:             0           0           0

              total        used        free      shared  buff/cache   available
Mem:    540822224896 23913365504 516207661056    26787840   701198336 515343912960
Swap:             0           0           0

              total        used        free      shared  buff/cache   available
Mem:    540822224896 24585543680 515535482880    26787840   701198336 514671734784
Swap:             0           0           0

              total        used        free      shared  buff/cache   available
Mem:    540822224896 25356124160 514764967936    26787840   701132800 513901223936
Swap:             0           0           0

              total        used        free      shared  buff/cache   available
Mem:    540822224896 26018394112 514102697984    26787840   701132800 513238953984
Swap:             0           0           0

              total        used        free      shared  buff/cache   available
Mem:    540822224896 25585909760 514535182336    26787840   701132800 513671438336
Swap:             0           0           0

              total        used        free      shared  buff/cache   available
Mem:    540822224896 25672765440 514448326656    26787840   701132800 513584582656
Swap:             0           0           0

              total        used        free      shared  buff/cache   available
Mem:    540822224896 25824894976 514296197120    26787840   701132800 513432453120
Swap:             0           0           0

              total        used        free      shared  buff/cache   available
Mem:    540822224896 25900851200 514220183552    26787840   701190144 513356443648
Swap:             0           0           0

              total        used        free      shared  buff/cache   available
Mem:    540822224896 26030047232 514090987520    26787840   701190144 513227247616
Swap:             0           0           0

              total        used        free      shared  buff/cache   available
Mem:    540822224896 26107727872 514013306880    26787840   701190144 513149566976
Swap:             0           0           0

              total        used        free      shared  buff/cache   available
Mem:    540822224896 26185146368 513935888384    26787840   701190144 513072148480
Swap:             0           0           0

              total        used        free      shared  buff/cache   available
Mem:    540822224896 26263826432 513857208320    26787840   701190144 512993468416
Swap:             0           0           0

              total        used        free      shared  buff/cache   available
Mem:    540822224896 26958688256 513162358784    26787840   701177856 512298631168
Swap:             0           0           0

              total        used        free      shared  buff/cache   available
Mem:    540822224896 27631640576 512489406464    26787840   701177856 511625678848
Swap:             0           0           0

              total        used        free      shared  buff/cache   available
Mem:    540822224896 27191771136 512929275904    26787840   701177856 512065548288
Swap:             0           0           0

              total        used        free      shared  buff/cache   available
Mem:    540822224896 27277053952 512843993088    26787840   701177856 511980265472
Swap:             0           0           0

              total        used        free      shared  buff/cache   available
Mem:    540822224896 27429072896 512691974144    26787840   701177856 511828246528
Swap:             0           0           0

              total        used        free      shared  buff/cache   available
Mem:    540822224896 27506069504 512614985728    26787840   701169664 511751266304
Swap:             0           0           0

              total        used        free      shared  buff/cache   available
Mem:    540822224896 27634225152 512486830080    26787840   701169664 511623110656
Swap:             0           0           0

              total        used        free      shared  buff/cache   available
Mem:    540822224896 27712430080 512408625152    26787840   701169664 511544905728
Swap:             0           0           0

              total        used        free      shared  buff/cache   available
Mem:    540822224896 27791015936 512330039296    26787840   701169664 511466319872
Swap:             0           0           0

              total        used        free      shared  buff/cache   available
Mem:    540822224896 28086583296 512034471936    26787840   701169664 511170752512
Swap:             0           0           0

              total        used        free      shared  buff/cache   available
Mem:    540822224896 28867690496 511253364736    26787840   701169664 510389645312
Swap:             0           0           0

              total        used        free      shared  buff/cache   available
Mem:    540822224896 29547630592 510573424640    26787840   701169664 509709705216
Swap:             0           0           0

              total        used        free      shared  buff/cache   available
Mem:    540822224896 29091061760 511029993472    26787840   701169664 510166274048
Swap:             0           0           0

              total        used        free      shared  buff/cache   available
Mem:    540822224896 29178626048 510942429184    26787840   701169664 510078709760
Swap:             0           0           0

              total        used        free      shared  buff/cache   available
Mem:    540822224896 29331443712 510789611520    26787840   701169664 509925892096
Swap:             0           0           0

              total        used        free      shared  buff/cache   available
Mem:    540822224896 29408997376 510712057856    26787840   701169664 509848342528
Swap:             0           0           0

              total        used        free      shared  buff/cache   available
Mem:    540822224896 29538013184 510583042048    26787840   701169664 509719326720
Swap:             0           0           0

              total        used        free      shared  buff/cache   available
Mem:    540822224896 29616844800 510504210432    26787840   701169664 509640495104
Swap:             0           0           0

              total        used        free      shared  buff/cache   available
Mem:    540822224896 29696069632 510424985600    26787840   701169664 509561270272
Swap:             0           0           0

              total        used        free      shared  buff/cache   available
Mem:    540822224896 30135541760 509985513472    26787840   701169664 509121798144
Swap:             0           0           0

              total        used        free      shared  buff/cache   available
Mem:    540822224896 30920015872 509201039360    26787840   701169664 508337324032
Swap:             0           0           0

              total        used        free      shared  buff/cache   available
Mem:    540822224896 31605432320 508515622912    26787840   701169664 507651907584
Swap:             0           0           0

              total        used        free      shared  buff/cache   available
Mem:    540822224896 31082680320 509038374912    26787840   701169664 508174659584
Swap:             0           0           0

              total        used        free      shared  buff/cache   available
Mem:    540822224896 36253110272 503867944960    26787840   701169664 503003594752
Swap:             0           0           0

              total        used        free      shared  buff/cache   available
Mem:    540822224896 30164819968 509956239360    26787840   701165568 509092524032
Swap:             0           0           0

              total        used        free      shared  buff/cache   available
Mem:    540822224896 30221156352 509899751424    26787840   701317120 509036036096
Swap:             0           0           0

              total        used        free      shared  buff/cache   available
Mem:    540822224896 30304112640 509816803328    26787840   701308928 508953088000
Swap:             0           0           0

              total        used        free      shared  buff/cache   available
Mem:    540822224896 30420135936 509700780032    26787840   701308928 508837064704
Swap:             0           0           0

              total        used        free      shared  buff/cache   available
Mem:    540822224896 30488465408 509632450560    26787840   701308928 508768735232
Swap:             0           0           0

              total        used        free      shared  buff/cache   available
Mem:    540822224896 30612828160 509508087808    26787840   701308928 508644372480
Swap:             0           0           0

              total        used        free      shared  buff/cache   available
Mem:    540822224896 30685335552 509435564032    26787840   701325312 508571860992
Swap:             0           0           0

              total        used        free      shared  buff/cache   available
Mem:    540822224896 30760361984 509360537600    26787840   701325312 508496834560
Swap:             0           0           0

              total        used        free      shared  buff/cache   available
Mem:    540822224896 30936047616 509184851968    26787840   701325312 508321148928
Swap:             0           0           0

              total        used        free      shared  buff/cache   available
Mem:    540822224896 31011741696 509109157888    26787840   701325312 508245454848
Swap:             0           0           0

              total        used        free      shared  buff/cache   available
Mem:    540822224896 31089033216 509031866368    26787840   701325312 508168163328
Swap:             0           0           0

              total        used        free      shared  buff/cache   available
Mem:    540822224896 30181601280 509939290112    26787840   701333504 509075595264
Swap:             0           0           0

              total        used        free      shared  buff/cache   available
Mem:    540822224896 30238482432 509882400768    26787840   701341696 509018710016
Swap:             0           0           0

              total        used        free      shared  buff/cache   available
Mem:    540822224896 30309044224 509811838976    26787840   701341696 508948148224
Swap:             0           0           0

              total        used        free      shared  buff/cache   available
Mem:    540822224896 30429364224 509691518976    26787840   701341696 508827828224
Swap:             0           0           0

              total        used        free      shared  buff/cache   available
Mem:    540822224896 30503616512 509617266688    26787840   701341696 508753575936
Swap:             0           0           0

              total        used        free      shared  buff/cache   available
Mem:    540822224896 30626037760 509494824960    26787840   701362176 508631150592
Swap:             0           0           0

              total        used        free      shared  buff/cache   available
Mem:    540822224896 30701441024 509419421696    26787840   701362176 508555747328
Swap:             0           0           0

              total        used        free      shared  buff/cache   available
Mem:    540822224896 30777597952 509343264768    26787840   701362176 508479590400
Swap:             0           0           0

              total        used        free      shared  buff/cache   available
Mem:    540822224896 30955171840 509165690880    26787840   701362176 508302016512
Swap:             0           0           0

              total        used        free      shared  buff/cache   available
Mem:    540822224896 31033589760 509087272960    26787840   701362176 508223598592
Swap:             0           0           0

              total        used        free      shared  buff/cache   available
Mem:    540822224896 31109767168 509011091456    26787840   701366272 508147417088
Swap:             0           0           0

              total        used        free      shared  buff/cache   available
Mem:    540822224896 30293295104 509827563520    26787840   701366272 508963889152
Swap:             0           0           0

              total        used        free      shared  buff/cache   available
Mem:    540822224896 30408945664 509711912960    26787840   701366272 508848238592
Swap:             0           0           0

              total        used        free      shared  buff/cache   available
Mem:    540822224896 30530215936 509590642688    26787840   701366272 508726968320
Swap:             0           0           0

              total        used        free      shared  buff/cache   available
Mem:    540822224896 30602563584 509518295040    26787840   701366272 508654620672
Swap:             0           0           0

              total        used        free      shared  buff/cache   available
Mem:    540822224896 30727733248 509393121280    26787840   701370368 508529446912
Swap:             0           0           0

              total        used        free      shared  buff/cache   available
Mem:    540822224896 30801522688 509319327744    26787840   701374464 508455661568
Swap:             0           0           0

              total        used        free      shared  buff/cache   available
Mem:    540822224896 30875832320 509245018112    26787840   701374464 508381351936
Swap:             0           0           0

              total        used        free      shared  buff/cache   available
Mem:    540822224896 31279509504 508841340928    26787840   701374464 507977674752
Swap:             0           0           0

              total        used        free      shared  buff/cache   available
Mem:    540822224896 32080896000 507971620864    26787840   769708032 507138375680
Swap:             0           0           0

              total        used        free      shared  buff/cache   available
Mem:    540822224896 32748843008 507303821312    26787840   769560576 506470584320
Swap:             0           0           0

              total        used        free      shared  buff/cache   available
Mem:    540822224896 33293795328 506759106560    26787840   769323008 505925877760
Swap:             0           0           0

              total        used        free      shared  buff/cache   available
Mem:    540822224896 32413048832 507639853056    26787840   769323008 506806624256
Swap:             0           0           0

              total        used        free      shared  buff/cache   available
Mem:    540822224896 32511377408 507541524480    26787840   769323008 506708295680
Swap:             0           0           0

              total        used        free      shared  buff/cache   available
Mem:    540822224896 32635486208 507417415680    26787840   769323008 506584186880
Swap:             0           0           0

              total        used        free      shared  buff/cache   available
Mem:    540822224896 32709677056 507343224832    26787840   769323008 506509996032
Swap:             0           0           0

              total        used        free      shared  buff/cache   available
Mem:    540822224896 32836743168 507216158720    26787840   769323008 506382929920
Swap:             0           0           0

              total        used        free      shared  buff/cache   available
Mem:    540822224896 32914546688 507138355200    26787840   769323008 506305126400
Swap:             0           0           0

              total        used        free      shared  buff/cache   available
Mem:    540822224896 32972148736 507080617984    26787840   769458176 506247520256
Swap:             0           0           0

              total        used        free      shared  buff/cache   available
Mem:    540822224896  3485741056 536570044416    26787840   766439424 535737090048
Swap:             0           0           0

              total        used        free      shared  buff/cache   available
Mem:    540822224896  3493031936 536562782208    26787840   766410752 535730016256
Swap:             0           0           0

              total        used        free      shared  buff/cache   available
Mem:    540822224896  3491004416 536564809728    26787840   766410752 535732043776
Swap:             0           0           0

              total        used        free      shared  buff/cache   available
Mem:    540822224896  3490725888 536565088256    26787840   766410752 535732326400
Swap:             0           0           0

              total        used        free      shared  buff/cache   available
Mem:    540822224896  3490598912 536565215232    26787840   766410752 535732453376
Swap:             0           0           0

              total        used        free      shared  buff/cache   available
Mem:    540822224896  3490103296 536565710848    26787840   766410752 535732948992
Swap:             0           0           0

              total        used        free      shared  buff/cache   available
Mem:    540822224896  3489783808 536566091776    26787840   766349312 535733329920
Swap:             0           0           0

              total        used        free      shared  buff/cache   available
Mem:    540822224896  3489538048 536566337536    26787840   766349312 535733575680
Swap:             0           0           0

              total        used        free      shared  buff/cache   available
Mem:    540822224896  3489284096 536566591488    26787840   766349312 535733829632
Swap:             0           0           0

              total        used        free      shared  buff/cache   available
Mem:    540822224896  3488854016 536567021568    26787840   766349312 535734259712
Swap:             0           0           0

              total        used        free      shared  buff/cache   available
Mem:    540822224896  3488854016 536567021568    26787840   766349312 535734259712
Swap:             0           0           0

              total        used        free      shared  buff/cache   available
Mem:    540822224896  3490525184 536565350400    26787840   766349312 535732588544
Swap:             0           0           0

              total        used        free      shared  buff/cache   available
Mem:    540822224896  3489955840 536565919744    26787840   766349312 535733157888
Swap:             0           0           0

              total        used        free      shared  buff/cache   available
Mem:    540822224896  3489398784 536566476800    26787840   766349312 535733714944
Swap:             0           0           0

              total        used        free      shared  buff/cache   available
Mem:    540822224896  3683119104 536358588416    26787840   780517376 535539662848
Swap:             0           0           0

              total        used        free      shared  buff/cache   available
Mem:    540822224896  3684061184 536357425152    26787840   780738560 535538511872
Swap:             0           0           0

              total        used        free      shared  buff/cache   available
Mem:    540822224896  3685011456 536355946496    26787840   781266944 535537045504
Swap:             0           0           0

              total        used        free      shared  buff/cache   available
Mem:    540822224896  3685277696 536356147200    26787840   780800000 535537246208
Swap:             0           0           0

              total        used        free      shared  buff/cache   available
Mem:    540822224896  3685691392 536355672064    26787840   780861440 535536787456
Swap:             0           0           0

              total        used        free      shared  buff/cache   available
Mem:    540822224896  3685728256 536355635200    26787840   780861440 535536750592
Swap:             0           0           0

              total        used        free      shared  buff/cache   available
Mem:    540822224896  3685453824 536355905536    26787840   780865536 535537020928
Swap:             0           0           0

              total        used        free      shared  buff/cache   available
Mem:    540822224896  3686498304 536354869248    26787840   780857344 535535984640
Swap:             0           0           0

              total        used        free      shared  buff/cache   available
Mem:    540822224896  3545456640 536496459776    26787840   780308480 535677603840
Swap:             0           0           0

              total        used        free      shared  buff/cache   available
Mem:    540822224896  3552923648 536436850688    26787840   832450560 535669383168
Swap:             0           0           0

              total        used        free      shared  buff/cache   available
Mem:    540822224896  3555352576 536434421760    26787840   832450560 535666954240
Swap:             0           0           0

              total        used        free      shared  buff/cache   available
Mem:    540822224896  3554807808 536434962432    26787840   832454656 535667494912
Swap:             0           0           0

              total        used        free      shared  buff/cache   available
Mem:    540822224896  3568132096 536421949440    26787840   832143360 535654490112
Swap:             0           0           0

              total        used        free      shared  buff/cache   available
Mem:    540822224896  3589644288 536399998976    26787840   832581632 535632687104
Swap:             0           0           0

              total        used        free      shared  buff/cache   available
Mem:    540822224896  3589255168 536400388096    26787840   832581632 535633076224
Swap:             0           0           0

              total        used        free      shared  buff/cache   available
Mem:    540822224896  3593154560 536396488704    26787840   832581632 535629176832
Swap:             0           0           0

              total        used        free      shared  buff/cache   available
Mem:    540822224896  3664773120 536325087232    26787840   832364544 535557779456
Swap:             0           0           0

              total        used        free      shared  buff/cache   available
Mem:    540822224896  3664216064 536325644288    26787840   832364544 535558340608
Swap:             0           0           0

              total        used        free      shared  buff/cache   available
Mem:    540822224896  3663380480 536326479872    26787840   832364544 535559176192
Swap:             0           0           0

              total        used        free      shared  buff/cache   available
Mem:    540822224896  3666186240 536323932160    26787840   832106496 535556632576
Swap:             0           0           0

              total        used        free      shared  buff/cache   available
Mem:    540822224896  3666042880 536324075520    26787840   832106496 535556825088
Swap:             0           0           0

              total        used        free      shared  buff/cache   available
Mem:    540822224896  3681792000 536308326400    26787840   832106496 535541075968
Swap:             0           0           0

              total        used        free      shared  buff/cache   available
Mem:    540822224896  3699695616 536290078720    26787840   832450560 535523221504
Swap:             0           0           0

              total        used        free      shared  buff/cache   available
Mem:    540822224896  3735863296 536254382080    26787840   831979520 535487524864
Swap:             0           0           0

              total        used        free      shared  buff/cache   available
Mem:    540822224896  3732643840 536257212416    26787840   832368640 535490355200
Swap:             0           0           0

              total        used        free      shared  buff/cache   available
Mem:    540822224896  3626766336 536363053056    26787840   832405504 535596195840
Swap:             0           0           0

              total        used        free      shared  buff/cache   available
Mem:    540822224896  3629756416 536360058880    26787840   832409600 535593201664
Swap:             0           0           0

              total        used        free      shared  buff/cache   available
Mem:    540822224896  3629367296 536360448000    26787840   832409600 535593590784
Swap:             0           0           0

              total        used        free      shared  buff/cache   available
Mem:    540822224896  3629240320 536360574976    26787840   832409600 535593717760
Swap:             0           0           0

              total        used        free      shared  buff/cache   available
Mem:    540822224896  3629350912 536360464384    26787840   832409600 535593607168
Swap:             0           0           0

              total        used        free      shared  buff/cache   available
Mem:    540822224896  3629350912 536360464384    26787840   832409600 535593607168
Swap:             0           0           0

              total        used        free      shared  buff/cache   available
Mem:    540822224896  3629240320 536360574976    26787840   832409600 535593717760
Swap:             0           0           0

              total        used        free      shared  buff/cache   available
Mem:    540822224896  3628888064 536360914944    26787840   832421888 535594070016
Swap:             0           0           0

              total        used        free      shared  buff/cache   available
Mem:    540822224896  3628576768 536361213952    26787840   832434176 535594381312
Swap:             0           0           0

              total        used        free      shared  buff/cache   available
Mem:    540822224896  3666141184 536323035136    26787840   833048576 535556231168
Swap:             0           0           0

              total        used        free      shared  buff/cache   available
Mem:    540822224896  3665010688 536324333568    26787840   832880640 535557533696
Swap:             0           0           0

              total        used        free      shared  buff/cache   available
Mem:    540822224896  3664760832 536324587520    26787840   832876544 535557787648
Swap:             0           0           0

              total        used        free      shared  buff/cache   available
Mem:    540822224896  3663802368 536325545984    26787840   832876544 535558746112
Swap:             0           0           0

              total        used        free      shared  buff/cache   available
Mem:    540822224896  3664818176 536324509696    26787840   832897024 535557722112
Swap:             0           0           0

              total        used        free      shared  buff/cache   available
Mem:    540822224896  3664678912 536324644864    26787840   832901120 535557857280
Swap:             0           0           0

              total        used        free      shared  buff/cache   available
Mem:    540822224896  3664678912 536324644864    26787840   832901120 535557857280
Swap:             0           0           0

              total        used        free      shared  buff/cache   available
Mem:    540822224896  3736199168 536253022208    26787840   833003520 535486238720
Swap:             0           0           0

              total        used        free      shared  buff/cache   available
Mem:    540822224896  3735539712 536253681664    26787840   833003520 535486898176
Swap:             0           0           0

              total        used        free      shared  buff/cache   available
Mem:    540822224896  3735515136 536254001152    26787840   832708608 535487070208
Swap:             0           0           0

              total        used        free      shared  buff/cache   available
Mem:    540822224896  3735515136 536254001152    26787840   832708608 535487070208
Swap:             0           0           0

              total        used        free      shared  buff/cache   available
Mem:    540822224896  3774578688 536215166976    26787840   832479232 535448244224
Swap:             0           0           0

              total        used        free      shared  buff/cache   available
Mem:    540822224896  3814141952 536175099904    26787840   832983040 535408177152
Swap:             0           0           0

              total        used        free      shared  buff/cache   available
Mem:    540822224896  3776118784 536212582400    26787840   833523712 535445659648
Swap:             0           0           0

              total        used        free      shared  buff/cache   available
Mem:    540822224896  3704365056 536284319744    26787840   833540096 535517396992
Swap:             0           0           0

              total        used        free      shared  buff/cache   available
Mem:    540822224896  3710664704 536279035904    26787840   832524288 535512113152
Swap:             0           0           0

              total        used        free      shared  buff/cache   available
Mem:    540822224896  3709177856 536280522752    26787840   832524288 535513600000
Swap:             0           0           0

              total        used        free      shared  buff/cache   available
Mem:    540822224896  3709304832 536280395776    26787840   832524288 535513473024
Swap:             0           0           0

              total        used        free      shared  buff/cache   available
Mem:    540822224896  3751362560 536237629440    26787840   833232896 535470718976
Swap:             0           0           0

              total        used        free      shared  buff/cache   available
Mem:    540822224896  3744550912 536244744192    26787840   832929792 535477841920
Swap:             0           0           0

              total        used        free      shared  buff/cache   available
Mem:    540822224896  3744423936 536244871168    26787840   832929792 535477968896
Swap:             0           0           0

              total        used        free      shared  buff/cache   available
Mem:    540822224896  3744276480 536245018624    26787840   832929792 535478116352
Swap:             0           0           0

              total        used        free      shared  buff/cache   available
Mem:    540822224896  3744276480 536245018624    26787840   832929792 535478116352
Swap:             0           0           0

              total        used        free      shared  buff/cache   available
Mem:    540822224896  3744006144 536245288960    26787840   832929792 535478386688
Swap:             0           0           0

              total        used        free      shared  buff/cache   available
Mem:    540822224896  3744006144 536245288960    26787840   832929792 535478386688
Swap:             0           0           0

              total        used        free      shared  buff/cache   available
Mem:    540822224896  3744006144 536245288960    26787840   832929792 535478386688
Swap:             0           0           0

              total        used        free      shared  buff/cache   available
Mem:    540822224896  3743879168 536245415936    26787840   832929792 535478513664
Swap:             0           0           0

              total        used        free      shared  buff/cache   available
Mem:    540822224896  3743666176 536245628928    26787840   832929792 535478726656
Swap:             0           0           0

              total        used        free      shared  buff/cache   available
Mem:    540822224896  3743223808 536246071296    26787840   832929792 535479169024
Swap:             0           0           0

              total        used        free      shared  buff/cache   available
Mem:    540822224896  3817750528 536171540480    26787840   832933888 535404638208
Swap:             0           0           0

              total        used        free      shared  buff/cache   available
Mem:    540822224896  3817750528 536171540480    26787840   832933888 535404638208
Swap:             0           0           0

              total        used        free      shared  buff/cache   available
Mem:    540822224896  3817558016 536171778048    26787840   832888832 535404879872
Swap:             0           0           0

              total        used        free      shared  buff/cache   available
Mem:    540822224896  3817558016 536171778048    26787840   832888832 535404879872
Swap:             0           0           0

              total        used        free      shared  buff/cache   available
Mem:    540822224896  3816792064 536172539904    26787840   832892928 535405641728
Swap:             0           0           0

              total        used        free      shared  buff/cache   available
Mem:    540822224896  3816792064 536172539904    26787840   832892928 535405641728
Swap:             0           0           0

              total        used        free      shared  buff/cache   available
Mem:    540822224896  3818016768 536171315200    26787840   832892928 535404417024
Swap:             0           0           0

              total        used        free      shared  buff/cache   available
Mem:    540822224896  3835842560 536153489408    26787840   832892928 535386591232
Swap:             0           0           0

              total        used        free      shared  buff/cache   available
Mem:    540822224896  3834765312 536153620480    26787840   833839104 535386742784
Swap:             0           0           0

              total        used        free      shared  buff/cache   available
Mem:    540822224896  3835858944 536153071616    26787840   833294336 535386193920
Swap:             0           0           0

              total        used        free      shared  buff/cache   available
Mem:    540822224896  3763376128 536225566720    26787840   833282048 535458689024
Swap:             0           0           0

              total        used        free      shared  buff/cache   available
Mem:    540822224896  3763376128 536225566720    26787840   833282048 535458689024
Swap:             0           0           0

              total        used        free      shared  buff/cache   available
Mem:    540822224896  3763376128 536225566720    26787840   833282048 535458689024
Swap:             0           0           0

              total        used        free      shared  buff/cache   available
Mem:    540822224896  3763494912 536225447936    26787840   833282048 535458570240
Swap:             0           0           0

              total        used        free      shared  buff/cache   available
Mem:    540822224896  3762688000 536226811904    26787840   832724992 535459934208
Swap:             0           0           0

              total        used        free      shared  buff/cache   available
Mem:    540822224896  3765452800 536224047104    26787840   832724992 535457169408
Swap:             0           0           0

              total        used        free      shared  buff/cache   available
Mem:    540822224896  3767160832 536222339072    26787840   832724992 535455461376
Swap:             0           0           0

              total        used        free      shared  buff/cache   available
Mem:    540822224896  3766353920 536223145984    26787840   832724992 535456268288
Swap:             0           0           0

              total        used        free      shared  buff/cache   available
Mem:    540822224896  3764695040 536224804864    26787840   832724992 535457927168
Swap:             0           0           0

              total        used        free      shared  buff/cache   available
Mem:    540822224896  3765805056 536220565504    26787840   835854336 535455252480
Swap:             0           0           0

              total        used        free      shared  buff/cache   available
Mem:    540822224896  3765325824 536221044736    26787840   835854336 535455731712
Swap:             0           0           0

              total        used        free      shared  buff/cache   available
Mem:    540822224896  3765325824 536221044736    26787840   835854336 535455731712
Swap:             0           0           0

              total        used        free      shared  buff/cache   available
Mem:    540822224896  3765243904 536221126656    26787840   835854336 535455813632
Swap:             0           0           0

              total        used        free      shared  buff/cache   available
Mem:    540822224896  3820437504 536164941824    26787840   836845568 535399698432
Swap:             0           0           0

              total        used        free      shared  buff/cache   available
Mem:    540822224896  3787718656 536197844992    26787840   836661248 535432601600
Swap:             0           0           0

              total        used        free      shared  buff/cache   available
Mem:    540822224896  3787718656 536197844992    26787840   836661248 535432601600
Swap:             0           0           0

              total        used        free      shared  buff/cache   available
Mem:    540822224896  3787718656 536197844992    26787840   836661248 535432601600
Swap:             0           0           0

              total        used        free      shared  buff/cache   available
Mem:    540822224896  3787718656 536197844992    26787840   836661248 535432601600
Swap:             0           0           0

              total        used        free      shared  buff/cache   available
Mem:    540822224896  3788353536 536197210112    26787840   836661248 535431966720
Swap:             0           0           0

              total        used        free      shared  buff/cache   available
Mem:    540822224896  3787300864 536198262784    26787840   836661248 535433031680
Swap:             0           0           0

              total        used        free      shared  buff/cache   available
Mem:    540822224896  3787169792 536198393856    26787840   836661248 535433162752
Swap:             0           0           0

              total        used        free      shared  buff/cache   available
Mem:    540822224896  3787169792 536198393856    26787840   836661248 535433162752
Swap:             0           0           0

              total        used        free      shared  buff/cache   available
Mem:    540822224896  3859034112 536126013440    26787840   837177344 535360782336
Swap:             0           0           0

              total        used        free      shared  buff/cache   available
Mem:    540822224896  3859038208 536126009344    26787840   837177344 535360778240
Swap:             0           0           0

              total        used        free      shared  buff/cache   available
Mem:    540822224896  3858354176 536127528960    26787840   836341760 535362301952
Swap:             0           0           0

              total        used        free      shared  buff/cache   available
Mem:    540822224896  3858935808 536126914560    26787840   836374528 535361699840
Swap:             0           0           0

              total        used        free      shared  buff/cache   available
Mem:    540822224896  3878977536 536096997376    26787840   846249984 535340806144
Swap:             0           0           0

              total        used        free      shared  buff/cache   available
Mem:    540822224896  3879120896 536096854016    26787840   846249984 535340662784
Swap:             0           0           0

              total        used        free      shared  buff/cache   available
Mem:    540822224896  3897053184 536078946304    26787840   846225408 535322755072
Swap:             0           0           0

              total        used        free      shared  buff/cache   available
Mem:    540822224896  3900309504 536075599872    26787840   846315520 535320387584
Swap:             0           0           0

              total        used        free      shared  buff/cache   available
Mem:    540822224896  3900203008 536075411456    26787840   846610432 535320199168
Swap:             0           0           0

              total        used        free      shared  buff/cache   available
Mem:    540822224896  3828346880 536146743296    26787840   847134720 535391531008
Swap:             0           0           0

              total        used        free      shared  buff/cache   available
Mem:    540822224896  3828346880 536146743296    26787840   847134720 535391531008
Swap:             0           0           0

              total        used        free      shared  buff/cache   available
Mem:    540822224896  3828981760 536146108416    26787840   847134720 535390896128
Swap:             0           0           0

              total        used        free      shared  buff/cache   available
Mem:    540822224896  3825635328 536150020096    26787840   846569472 535394811904
Swap:             0           0           0

              total        used        free      shared  buff/cache   available
Mem:    540822224896  3825881088 536149774336    26787840   846569472 535394566144
Swap:             0           0           0

              total        used        free      shared  buff/cache   available
Mem:    540822224896  3823816704 536151838720    26787840   846569472 535396630528
Swap:             0           0           0

              total        used        free      shared  buff/cache   available
Mem:    540822224896  3825475584 536150368256    26787840   846381056 535395160064
Swap:             0           0           0

              total        used        free      shared  buff/cache   available
Mem:    540822224896  3825549312 536150294528    26787840   846381056 535395086336
Swap:             0           0           0

              total        used        free      shared  buff/cache   available
Mem:    540822224896  3825295360 536150548480    26787840   846381056 535395340288
Swap:             0           0           0

              total        used        free      shared  buff/cache   available
Mem:    540822224896  3825438720 536150405120    26787840   846381056 535395196928
Swap:             0           0           0

              total        used        free      shared  buff/cache   available
Mem:    540822224896  3825311744 536150532096    26787840   846381056 535395323904
Swap:             0           0           0

              total        used        free      shared  buff/cache   available
Mem:    540822224896  3825311744 536150532096    26787840   846381056 535395323904
Swap:             0           0           0

              total        used        free      shared  buff/cache   available
Mem:    540822224896  3824701440 536151142400    26787840   846381056 535395934208
Swap:             0           0           0

              total        used        free      shared  buff/cache   available
Mem:    540822224896  3823906816 536151937024    26787840   846381056 535396728832
Swap:             0           0           0

              total        used        free      shared  buff/cache   available
Mem:    540822224896  3823779840 536152064000    26787840   846381056 535396855808
Swap:             0           0           0

              total        used        free      shared  buff/cache   available
Mem:    540822224896  3823652864 536152190976    26787840   846381056 535396982784
Swap:             0           0           0

              total        used        free      shared  buff/cache   available
Mem:    540822224896  3826700288 536149143552    26787840   846381056 535393935360
Swap:             0           0           0

              total        used        free      shared  buff/cache   available
Mem:    540822224896  3922305024 536051965952    26787840   847953920 535296757760
Swap:             0           0           0

              total        used        free      shared  buff/cache   available
Mem:    540822224896  3922259968 536052965376    26787840   846999552 535297818624
Swap:             0           0           0

              total        used        free      shared  buff/cache   available
Mem:    540822224896  3960131584 536014077952    26787840   848015360 535258931200
Swap:             0           0           0

              total        used        free      shared  buff/cache   available
Mem:    540822224896  4036882432 535937589248    26787840   847753216 535182442496
Swap:             0           0           0

              total        used        free      shared  buff/cache   available
Mem:    540822224896  4023296000 535951175680    26787840   847753216 535196028928
Swap:             0           0           0

              total        used        free      shared  buff/cache   available
Mem:    540822224896  3988602880 535986896896    26787840   846725120 535231750144
Swap:             0           0           0

              total        used        free      shared  buff/cache   available
Mem:    540822224896  3918385152 536057262080    26787840   846577664 535302123520
Swap:             0           0           0

              total        used        free      shared  buff/cache   available
Mem:    540822224896  3918487552 536057159680    26787840   846577664 535302021120
Swap:             0           0           0

              total        used        free      shared  buff/cache   available
Mem:    540822224896  3918237696 536057405440    26787840   846581760 535302270976
Swap:             0           0           0
