Fr 20. Sep 00:09:29 CEST 2019 start sage test
              total        used        free      shared  buff/cache   available
Mem:    540822224896  3942617088 536013414400    26820608   866193408 535269687296
Swap:             0           0           0

              total        used        free      shared  buff/cache   available
Mem:    540822224896  4039639040 535916191744    26820608   866394112 535172501504
Swap:             0           0           0

              total        used        free      shared  buff/cache   available
Mem:    540822224896  4058406912 535897391104    26820608   866426880 535153700864
Swap:             0           0           0

              total        used        free      shared  buff/cache   available
Mem:    540822224896  4059115520 535896186880    26820608   866922496 535152496640
Swap:             0           0           0

              total        used        free      shared  buff/cache   available
Mem:    540822224896  4117925888 535838396416    26820608   865902592 535094714368
Swap:             0           0           0

              total        used        free      shared  buff/cache   available
Mem:    540822224896  5038452736 534917591040    26820608   866181120 534173908992
Swap:             0           0           0

              total        used        free      shared  buff/cache   available
Mem:    540822224896  6271643648 533684129792    26820608   866451456 532940447744
Swap:             0           0           0

              total        used        free      shared  buff/cache   available
Mem:    540822224896  7065931776 532889841664    26820608   866451456 532146159616
Swap:             0           0           0

              total        used        free      shared  buff/cache   available
Mem:    540822224896  5753339904 534202494976    26820608   866390016 533458812928
Swap:             0           0           0

              total        used        free      shared  buff/cache   available
Mem:    540822224896  6327488512 533628346368    26820608   866390016 532884664320
Swap:             0           0           0

              total        used        free      shared  buff/cache   available
Mem:    540822224896  6419972096 533535870976    26820608   866381824 532792188928
Swap:             0           0           0

              total        used        free      shared  buff/cache   available
Mem:    540822224896  6608707584 533347135488    26820608   866381824 532603457536
Swap:             0           0           0

              total        used        free      shared  buff/cache   available
Mem:    540822224896  6793883648 533160656896    26820608   867684352 532416978944
Swap:             0           0           0

              total        used        free      shared  buff/cache   available
Mem:    540822224896  6791745536 533162795008    26820608   867684352 532419117056
Swap:             0           0           0

              total        used        free      shared  buff/cache   available
Mem:    540822224896  7160365056 532795531264    26820608   866328576 532051853312
Swap:             0           0           0

              total        used        free      shared  buff/cache   available
Mem:    540822224896  7319236608 532636659712    26820608   866328576 531892981760
Swap:             0           0           0

              total        used        free      shared  buff/cache   available
Mem:    540822224896  7507451904 532448444416    26820608   866328576 531704766464
Swap:             0           0           0

              total        used        free      shared  buff/cache   available
Mem:    540822224896  7767252992 532188454912    26820608   866516992 531444776960
Swap:             0           0           0

              total        used        free      shared  buff/cache   available
Mem:    540822224896  8149524480 531804749824    26820608   867950592 531061088256
Swap:             0           0           0

              total        used        free      shared  buff/cache   available
Mem:    540822224896  7768264704 532184981504    26820608   868978688 531441319936
Swap:             0           0           0

              total        used        free      shared  buff/cache   available
Mem:    540822224896 11124342784 528830926848    26820608   866955264 528087269376
Swap:             0           0           0

              total        used        free      shared  buff/cache   available
Mem:    540822224896 12234084352 527721177088    26820608   866963456 526977519616
Swap:             0           0           0

              total        used        free      shared  buff/cache   available
Mem:    540822224896 12954537984 527000723456    26820608   866963456 526257065984
Swap:             0           0           0

              total        used        free      shared  buff/cache   available
Mem:    540822224896 13690621952 526264631296    26820608   866971648 525520973824
Swap:             0           0           0

              total        used        free      shared  buff/cache   available
Mem:    540822224896 14371663872 525583589376    26820608   866971648 524839931904
Swap:             0           0           0

              total        used        free      shared  buff/cache   available
Mem:    540822224896 15064399872 524890853376    26820608   866971648 524147195904
Swap:             0           0           0

              total        used        free      shared  buff/cache   available
Mem:    540822224896 15740006400 524215246848    26820608   866971648 523471589376
Swap:             0           0           0

              total        used        free      shared  buff/cache   available
Mem:    540822224896 16533876736 523421376512    26820608   866971648 522677719040
Swap:             0           0           0

              total        used        free      shared  buff/cache   available
Mem:    540822224896 17211166720 522744086528    26820608   866971648 522000429056
Swap:             0           0           0

              total        used        free      shared  buff/cache   available
Mem:    540822224896 15163650048 524791443456    26820608   867131392 524047785984
Swap:             0           0           0

              total        used        free      shared  buff/cache   available
Mem:    540822224896 23818948608 516136136704    26820608   867139584 515392479232
Swap:             0           0           0

              total        used        free      shared  buff/cache   available
Mem:    540822224896 23703244800 516251639808    26820608   867340288 515507982336
Swap:             0           0           0

              total        used        free      shared  buff/cache   available
Mem:    540822224896 23830388736 516124495872    26820608   867340288 515380838400
Swap:             0           0           0

              total        used        free      shared  buff/cache   available
Mem:    540822224896 23958302720 515996581888    26820608   867340288 515252924416
Swap:             0           0           0

              total        used        free      shared  buff/cache   available
Mem:    540822224896 24036012032 515918872576    26820608   867340288 515175215104
Swap:             0           0           0

              total        used        free      shared  buff/cache   available
Mem:    540822224896 24114225152 515840659456    26820608   867340288 515097001984
Swap:             0           0           0

              total        used        free      shared  buff/cache   available
Mem:    540822224896 24194007040 515760877568    26820608   867340288 515017220096
Swap:             0           0           0

              total        used        free      shared  buff/cache   available
Mem:    540822224896 24373039104 515581845504    26820608   867340288 514838188032
Swap:             0           0           0

              total        used        free      shared  buff/cache   available
Mem:    540822224896 24970792960 514984087552    26820608   867344384 514240430080
Swap:             0           0           0

              total        used        free      shared  buff/cache   available
Mem:    540822224896 16236167168 523718365184    26820608   867692544 522974707712
Swap:             0           0           0

              total        used        free      shared  buff/cache   available
Mem:    540822224896 23710765056 516243693568    26820608   867766272 515500048384
Swap:             0           0           0

              total        used        free      shared  buff/cache   available
Mem:    540822224896 26655522816 513299259392    26820608   867442688 512555614208
Swap:             0           0           0

              total        used        free      shared  buff/cache   available
Mem:    540822224896 28173877248 511781040128    26820608   867307520 511037394944
Swap:             0           0           0

              total        used        free      shared  buff/cache   available
Mem:    540822224896 28285702144 511669215232    26820608   867307520 510925570048
Swap:             0           0           0

              total        used        free      shared  buff/cache   available
Mem:    540822224896 28362620928 511592288256    26820608   867315712 510848643072
Swap:             0           0           0

              total        used        free      shared  buff/cache   available
Mem:    540822224896 28441079808 511513829376    26820608   867315712 510770184192
Swap:             0           0           0

              total        used        free      shared  buff/cache   available
Mem:    540822224896 28520194048 511434723328    26820608   867307520 510691078144
Swap:             0           0           0

              total        used        free      shared  buff/cache   available
Mem:    540822224896 28698152960 511256764416    26820608   867307520 510513119232
Swap:             0           0           0

              total        used        free      shared  buff/cache   available
Mem:    540822224896 28777082880 511177834496    26820608   867307520 510434189312
Swap:             0           0           0

              total        used        free      shared  buff/cache   available
Mem:    540822224896 29079732224 510875185152    26820608   867307520 510131539968
Swap:             0           0           0

              total        used        free      shared  buff/cache   available
Mem:    540822224896 18125467648 521830076416    26820608   866680832 521086431232
Swap:             0           0           0

              total        used        free      shared  buff/cache   available
Mem:    540822224896 18844069888 521111535616    26820608   866619392 520367890432
Swap:             0           0           0

              total        used        free      shared  buff/cache   available
Mem:    540822224896 19533271040 520422334464    26820608   866619392 519678689280
Swap:             0           0           0

              total        used        free      shared  buff/cache   available
Mem:    540822224896 20336926720 519618678784    26820608   866619392 518875033600
Swap:             0           0           0

              total        used        free      shared  buff/cache   available
Mem:    540822224896 21027196928 518928199680    26820608   866828288 518184566784
Swap:             0           0           0

              total        used        free      shared  buff/cache   available
Mem:    540822224896 21713027072 518242373632    26820608   866824192 517498740736
Swap:             0           0           0

              total        used        free      shared  buff/cache   available
Mem:    540822224896 22428504064 517527244800    26820608   866476032 516783611904
Swap:             0           0           0

              total        used        free      shared  buff/cache   available
Mem:    540822224896 23114440704 516841304064    26820608   866480128 516097671168
Swap:             0           0           0

              total        used        free      shared  buff/cache   available
Mem:    540822224896 23795032064 516160712704    26820608   866480128 515417079808
Swap:             0           0           0

              total        used        free      shared  buff/cache   available
Mem:    540822224896 23052791808 516902948864    26820608   866484224 516159315968
Swap:             0           0           0

              total        used        free      shared  buff/cache   available
Mem:    540822224896 23171674112 516784066560    26820608   866484224 516040437760
Swap:             0           0           0

              total        used        free      shared  buff/cache   available
Mem:    540822224896 23300284416 516655456256    26820608   866484224 515911831552
Swap:             0           0           0

              total        used        free      shared  buff/cache   available
Mem:    540822224896 23380271104 516575469568    26820608   866484224 515831844864
Swap:             0           0           0

              total        used        free      shared  buff/cache   available
Mem:    540822224896 23510851584 516444889088    26820608   866484224 515701264384
Swap:             0           0           0

              total        used        free      shared  buff/cache   available
Mem:    540822224896 23591067648 516364673024    26820608   866484224 515621048320
Swap:             0           0           0

              total        used        free      shared  buff/cache   available
Mem:    540822224896 23671570432 516284170240    26820608   866484224 515540545536
Swap:             0           0           0

              total        used        free      shared  buff/cache   available
Mem:    540822224896 24241676288 515714064384    26820608   866484224 514970439680
Swap:             0           0           0

              total        used        free      shared  buff/cache   available
Mem:    540822224896 24934965248 515020775424    26820608   866484224 514277150720
Swap:             0           0           0

              total        used        free      shared  buff/cache   available
Mem:    540822224896 25567813632 514387927040    26820608   866484224 513644302336
Swap:             0           0           0

              total        used        free      shared  buff/cache   available
Mem:    540822224896 24764178432 515191042048    26820608   867004416 514447417344
Swap:             0           0           0

              total        used        free      shared  buff/cache   available
Mem:    540822224896 24856780800 515098755072    26820608   866689024 514355130368
Swap:             0           0           0

              total        used        free      shared  buff/cache   available
Mem:    540822224896 24997560320 514957631488    26820608   867033088 514214010880
Swap:             0           0           0

              total        used        free      shared  buff/cache   available
Mem:    540822224896 25055891456 514899685376    26820608   866648064 514156064768
Swap:             0           0           0

              total        used        free      shared  buff/cache   available
Mem:    540822224896 25136521216 514819055616    26820608   866648064 514075435008
Swap:             0           0           0

              total        used        free      shared  buff/cache   available
Mem:    540822224896 25216753664 514738823168    26820608   866648064 513995202560
Swap:             0           0           0

              total        used        free      shared  buff/cache   available
Mem:    540822224896 25471975424 514483601408    26820608   866648064 513739980800
Swap:             0           0           0

              total        used        free      shared  buff/cache   available
Mem:    540822224896 26258759680 513696813056    26820608   866652160 512953192448
Swap:             0           0           0

              total        used        free      shared  buff/cache   available
Mem:    540822224896 26943795200 513011777536    26820608   866652160 512268156928
Swap:             0           0           0

              total        used        free      shared  buff/cache   available
Mem:    540822224896 26465705984 513489862656    26820608   866656256 512746242048
Swap:             0           0           0

              total        used        free      shared  buff/cache   available
Mem:    540822224896 26582888448 513372680192    26820608   866656256 512629059584
Swap:             0           0           0

              total        used        free      shared  buff/cache   available
Mem:    540822224896 26710097920 513245466624    26820608   866660352 512501846016
Swap:             0           0           0

              total        used        free      shared  buff/cache   available
Mem:    540822224896 26788532224 513167032320    26820608   866660352 512423411712
Swap:             0           0           0

              total        used        free      shared  buff/cache   available
Mem:    540822224896 26918477824 513037086720    26820608   866660352 512293466112
Swap:             0           0           0

              total        used        free      shared  buff/cache   available
Mem:    540822224896 26997837824 512957726720    26820608   866660352 512214106112
Swap:             0           0           0

              total        used        free      shared  buff/cache   available
Mem:    540822224896 27077832704 512877731840    26820608   866660352 512134111232
Swap:             0           0           0

              total        used        free      shared  buff/cache   available
Mem:    540822224896 27556532224 512399032320    26820608   866660352 511655411712
Swap:             0           0           0

              total        used        free      shared  buff/cache   available
Mem:    540822224896 28343119872 511612444672    26820608   866660352 510868824064
Swap:             0           0           0

              total        used        free      shared  buff/cache   available
Mem:    540822224896 29099466752 510856097792    26820608   866660352 510112477184
Swap:             0           0           0

              total        used        free      shared  buff/cache   available
Mem:    540822224896 28521832448 511432687616    26820608   867704832 510689067008
Swap:             0           0           0

              total        used        free      shared  buff/cache   available
Mem:    540822224896 48984236032 490969767936    26820608   868220928 490226147328
Swap:             0           0           0

              total        used        free      shared  buff/cache   available
Mem:    540822224896 50836611072 489117650944    26820608   867962880 488374042624
Swap:             0           0           0

              total        used        free      shared  buff/cache   available
Mem:    540822224896 51181821952 488772767744    26820608   867635200 488029159424
Swap:             0           0           0

              total        used        free      shared  buff/cache   available
Mem:    540822224896 51311886336 488642695168    26820608   867643392 487899086848
Swap:             0           0           0

              total        used        free      shared  buff/cache   available
Mem:    540822224896 51450904576 488503652352    26820608   867667968 487760044032
Swap:             0           0           0

              total        used        free      shared  buff/cache   available
Mem:    540822224896 51535265792 488419266560    26820608   867692544 487675658240
Swap:             0           0           0

              total        used        free      shared  buff/cache   available
Mem:    540822224896 51627249664 488327159808    26820608   867815424 487583551488
Swap:             0           0           0

              total        used        free      shared  buff/cache   available
Mem:    540822224896 51730862080 488223539200    26820608   867823616 487479930880
Swap:             0           0           0

              total        used        free      shared  buff/cache   available
Mem:    540822224896 51913359360 488041033728    26820608   867831808 487297425408
Swap:             0           0           0

              total        used        free      shared  buff/cache   available
Mem:    540822224896 51986366464 487968022528    26820608   867835904 487224414208
Swap:             0           0           0

              total        used        free      shared  buff/cache   available
Mem:    540822224896 52055236608 487899099136    26820608   867889152 487155490816
Swap:             0           0           0

              total        used        free      shared  buff/cache   available
Mem:    540822224896 36569460736 503383904256    26820608   868859904 502640295936
Swap:             0           0           0

              total        used        free      shared  buff/cache   available
Mem:    540822224896 52014190592 487940263936    26820608   867770368 487196659712
Swap:             0           0           0

              total        used        free      shared  buff/cache   available
Mem:    540822224896 52254429184 487700058112    26820608   867737600 486956453888
Swap:             0           0           0

              total        used        free      shared  buff/cache   available
Mem:    540822224896 52364800000 487589629952    26820608   867794944 486846029824
Swap:             0           0           0

              total        used        free      shared  buff/cache   available
Mem:    540822224896 52431659008 487522787328    26820608   867778560 486779187200
Swap:             0           0           0

              total        used        free      shared  buff/cache   available
Mem:    540822224896 52566073344 487388389376    26820608   867762176 486644789248
Swap:             0           0           0

              total        used        free      shared  buff/cache   available
Mem:    540822224896 52643475456 487310970880    26820608   867778560 486567370752
Swap:             0           0           0

              total        used        free      shared  buff/cache   available
Mem:    540822224896 52716359680 487238037504    26820608   867827712 486494437376
Swap:             0           0           0

              total        used        free      shared  buff/cache   available
Mem:    540822224896 52794847232 487159549952    26820608   867827712 486415949824
Swap:             0           0           0

              total        used        free      shared  buff/cache   available
Mem:    540822224896 52973649920 486980739072    26820608   867835904 486237147136
Swap:             0           0           0

              total        used        free      shared  buff/cache   available
Mem:    540822224896 53111312384 486843068416    26820608   867844096 486099476480
Swap:             0           0           0

              total        used        free      shared  buff/cache   available
Mem:    540822224896 31835488256 508118691840    26820608   868044800 507375099904
Swap:             0           0           0

              total        used        free      shared  buff/cache   available
Mem:    540822224896 40898932736 499055267840    26820608   868024320 498311675904
Swap:             0           0           0

              total        used        free      shared  buff/cache   available
Mem:    540822224896 46823948288 493130252288    26820608   868024320 492386660352
Swap:             0           0           0

              total        used        free      shared  buff/cache   available
Mem:    540822224896 55229501440 484724707328    26820608   868016128 483981115392
Swap:             0           0           0

              total        used        free      shared  buff/cache   available
Mem:    540822224896 55135907840 484818292736    26820608   868024320 484074700800
Swap:             0           0           0

              total        used        free      shared  buff/cache   available
Mem:    540822224896 55260553216 484693647360    26820608   868024320 483950059520
Swap:             0           0           0

              total        used        free      shared  buff/cache   available
Mem:    540822224896 55336218624 484617977856    26820608   868028416 483874394112
Swap:             0           0           0

              total        used        free      shared  buff/cache   available
Mem:    540822224896 55409999872 484544192512    26820608   868032512 483800612864
Swap:             0           0           0

              total        used        free      shared  buff/cache   available
Mem:    540822224896 55587860480 484366315520    26820608   868048896 483622735872
Swap:             0           0           0

              total        used        free      shared  buff/cache   available
Mem:    540822224896 55663173632 484291002368    26820608   868048896 483547422720
Swap:             0           0           0

              total        used        free      shared  buff/cache   available
Mem:    540822224896 55917330432 484036845568    26820608   868048896 483293265920
Swap:             0           0           0

              total        used        free      shared  buff/cache   available
Mem:    540822224896 31470858240 508483690496    26820608   867676160 507740110848
Swap:             0           0           0

              total        used        free      shared  buff/cache   available
Mem:    540822224896 32159113216 507795435520    26820608   867676160 507051855872
Swap:             0           0           0

              total        used        free      shared  buff/cache   available
Mem:    540822224896 32853073920 507101470720    26820608   867680256 506357895168
Swap:             0           0           0

              total        used        free      shared  buff/cache   available
Mem:    540822224896 33571393536 506383151104    26820608   867680256 505639575552
Swap:             0           0           0

              total        used        free      shared  buff/cache   available
Mem:    540822224896 34236907520 505717637120    26820608   867680256 504974061568
Swap:             0           0           0

              total        used        free      shared  buff/cache   available
Mem:    540822224896 34905051136 505049493504    26820608   867680256 504305917952
Swap:             0           0           0

              total        used        free      shared  buff/cache   available
Mem:    540822224896 35574411264 504380133376    26820608   867680256 503636557824
Swap:             0           0           0

              total        used        free      shared  buff/cache   available
Mem:    540822224896 36344479744 503610064896    26820608   867680256 502866489344
Swap:             0           0           0

              total        used        free      shared  buff/cache   available
Mem:    540822224896 37012725760 502941818880    26820608   867680256 502198243328
Swap:             0           0           0

              total        used        free      shared  buff/cache   available
Mem:    540822224896 36615258112 503339286528    26820608   867680256 502595710976
Swap:             0           0           0

              total        used        free      shared  buff/cache   available
Mem:    540822224896 36698411008 503256133632    26820608   867680256 502512558080
Swap:             0           0           0

              total        used        free      shared  buff/cache   available
Mem:    540822224896 36852326400 503102218240    26820608   867680256 502358642688
Swap:             0           0           0

              total        used        free      shared  buff/cache   available
Mem:    540822224896 36928700416 503025844224    26820608   867680256 502282268672
Swap:             0           0           0

              total        used        free      shared  buff/cache   available
Mem:    540822224896 37057474560 502897070080    26820608   867680256 502153494528
Swap:             0           0           0

              total        used        free      shared  buff/cache   available
Mem:    540822224896 37135937536 502818603008    26820608   867684352 502075031552
Swap:             0           0           0

              total        used        free      shared  buff/cache   available
Mem:    540822224896 37215207424 502739333120    26820608   867684352 501995761664
Swap:             0           0           0

              total        used        free      shared  buff/cache   available
Mem:    540822224896 37293625344 502660911104    26820608   867688448 501917339648
Swap:             0           0           0

              total        used        free      shared  buff/cache   available
Mem:    540822224896 37992919040 501961617408    26820608   867688448 501218045952
Swap:             0           0           0

              total        used        free      shared  buff/cache   available
Mem:    540822224896 38672105472 501282430976    26820608   867688448 500538859520
Swap:             0           0           0

              total        used        free      shared  buff/cache   available
Mem:    540822224896 38212591616 501741944832    26820608   867688448 500998373376
Swap:             0           0           0

              total        used        free      shared  buff/cache   available
Mem:    540822224896 38299607040 501654929408    26820608   867688448 500911357952
Swap:             0           0           0

              total        used        free      shared  buff/cache   available
Mem:    540822224896 38452187136 501502349312    26820608   867688448 500758777856
Swap:             0           0           0

              total        used        free      shared  buff/cache   available
Mem:    540822224896 38529724416 501424812032    26820608   867688448 500681240576
Swap:             0           0           0

              total        used        free      shared  buff/cache   available
Mem:    540822224896 38658093056 501296443392    26820608   867688448 500552871936
Swap:             0           0           0

              total        used        free      shared  buff/cache   available
Mem:    540822224896 38735331328 501219205120    26820608   867688448 500475633664
Swap:             0           0           0

              total        used        free      shared  buff/cache   available
Mem:    540822224896 38813556736 501140975616    26820608   867692544 500397404160
Swap:             0           0           0

              total        used        free      shared  buff/cache   available
Mem:    540822224896 39083225088 500871307264    26820608   867692544 500127735808
Swap:             0           0           0

              total        used        free      shared  buff/cache   available
Mem:    540822224896 39857164288 500097368064    26820608   867692544 499353796608
Swap:             0           0           0

              total        used        free      shared  buff/cache   available
Mem:    540822224896 40532643840 499421888512    26820608   867692544 498678317056
Swap:             0           0           0

              total        used        free      shared  buff/cache   available
Mem:    540822224896 40087154688 499867377664    26820608   867692544 499123806208
Swap:             0           0           0

              total        used        free      shared  buff/cache   available
Mem:    540822224896 40171110400 499783421952    26820608   867692544 499039850496
Swap:             0           0           0

              total        used        free      shared  buff/cache   available
Mem:    540822224896 40322936832 499631595520    26820608   867692544 498888024064
Swap:             0           0           0

              total        used        free      shared  buff/cache   available
Mem:    540822224896 40400412672 499554119680    26820608   867692544 498810548224
Swap:             0           0           0

              total        used        free      shared  buff/cache   available
Mem:    540822224896 40528965632 499425566720    26820608   867692544 498681995264
Swap:             0           0           0

              total        used        free      shared  buff/cache   available
Mem:    540822224896 40606388224 499348140032    26820608   867696640 498604568576
Swap:             0           0           0

              total        used        free      shared  buff/cache   available
Mem:    540822224896 40684957696 499269570560    26820608   867696640 498525999104
Swap:             0           0           0

              total        used        free      shared  buff/cache   available
Mem:    540822224896 41034833920 498919690240    26820608   867700736 498176126976
Swap:             0           0           0

              total        used        free      shared  buff/cache   available
Mem:    540822224896 41817583616 498136940544    26820608   867700736 497393377280
Swap:             0           0           0

              total        used        free      shared  buff/cache   available
Mem:    540822224896 42498781184 497455742976    26820608   867700736 496712179712
Swap:             0           0           0

              total        used        free      shared  buff/cache   available
Mem:    540822224896 42059538432 497894985728    26820608   867700736 497151422464
Swap:             0           0           0

              total        used        free      shared  buff/cache   available
Mem:    540822224896 69644132352 470310187008    26820608   867905536 469565988864
Swap:             0           0           0

              total        used        free      shared  buff/cache   available
Mem:    540822224896 76592300032 463362027520    26820608   867897344 462618464256
Swap:             0           0           0

              total        used        free      shared  buff/cache   available
Mem:    540822224896 77594914816 462359412736    26820608   867897344 461615853568
Swap:             0           0           0

              total        used        free      shared  buff/cache   available
Mem:    540822224896 78173962240 461780365312    26820608   867897344 461036806144
Swap:             0           0           0

              total        used        free      shared  buff/cache   available
Mem:    540822224896 78489468928 461464858624    26820608   867897344 460721299456
Swap:             0           0           0

              total        used        free      shared  buff/cache   available
Mem:    540822224896 78675492864 461278834688    26820608   867897344 460535275520
Swap:             0           0           0

              total        used        free      shared  buff/cache   available
Mem:    540822224896 78824529920 461129797632    26820608   867897344 460386242560
Swap:             0           0           0

              total        used        free      shared  buff/cache   available
Mem:    540822224896 78931116032 461023211520    26820608   867897344 460279656448
Swap:             0           0           0

              total        used        free      shared  buff/cache   available
Mem:    540822224896 79130464256 460823863296    26820608   867897344 460080308224
Swap:             0           0           0

              total        used        free      shared  buff/cache   available
Mem:    540822224896 79222341632 460731981824    26820608   867901440 459988426752
Swap:             0           0           0

              total        used        free      shared  buff/cache   available
Mem:    540822224896 79310942208 460643209216    26877952   868073472 459899658240
Swap:             0           0           0

              total        used        free      shared  buff/cache   available
Mem:    540822224896 57301884928 482652037120    26877952   868302848 481908486144
Swap:             0           0           0

              total        used        free      shared  buff/cache   available
Mem:    540822224896 79334920192 460619059200    26877952   868245504 459875508224
Swap:             0           0           0

              total        used        free      shared  buff/cache   available
Mem:    540822224896 79529254912 460424724480    26877952   868245504 459681173504
Swap:             0           0           0

              total        used        free      shared  buff/cache   available
Mem:    540822224896 79616638976 460337336320    26877952   868249600 459593785344
Swap:             0           0           0

              total        used        free      shared  buff/cache   available
Mem:    540822224896 79753220096 460200755200    26877952   868249600 459457204224
Swap:             0           0           0

              total        used        free      shared  buff/cache   available
Mem:    540822224896 79835754496 460118216704    26877952   868253696 459374669824
Swap:             0           0           0

              total        used        free      shared  buff/cache   available
Mem:    540822224896 79917723648 460036247552    26877952   868253696 459292700672
Swap:             0           0           0

              total        used        free      shared  buff/cache   available
Mem:    540822224896 79999774720 459954196480    26877952   868253696 459210649600
Swap:             0           0           0

              total        used        free      shared  buff/cache   available
Mem:    540822224896 80179650560 459774320640    26877952   868253696 459030773760
Swap:             0           0           0

              total        used        free      shared  buff/cache   available
Mem:    540822224896 80260521984 459693449216    26877952   868253696 458949902336
Swap:             0           0           0

              total        used        free      shared  buff/cache   available
Mem:    540822224896 49792294912 490161700864    26877952   868229120 489418158080
Swap:             0           0           0

              total        used        free      shared  buff/cache   available
Mem:    540822224896 58821988352 481132007424    26877952   868229120 480388464640
Swap:             0           0           0

              total        used        free      shared  buff/cache   available
Mem:    540822224896 65863380992 474090614784    26877952   868229120 473347072000
Swap:             0           0           0

              total        used        free      shared  buff/cache   available
Mem:    540822224896 76394340352 463559720960    26877952   868163584 462816178176
Swap:             0           0           0

              total        used        free      shared  buff/cache   available
Mem:    540822224896 81957896192 457996079104    26877952   868249600 457252536320
Swap:             0           0           0

              total        used        free      shared  buff/cache   available
Mem:    540822224896 82142519296 457811456000    26877952   868249600 457067917312
Swap:             0           0           0

              total        used        free      shared  buff/cache   available
Mem:    540822224896 82250518528 457703456768    26877952   868249600 456959918080
Swap:             0           0           0

              total        used        free      shared  buff/cache   available
Mem:    540822224896 82347491328 457606483968    26877952   868249600 456862945280
Swap:             0           0           0

              total        used        free      shared  buff/cache   available
Mem:    540822224896 82541572096 457412403200    26877952   868249600 456668864512
Swap:             0           0           0

              total        used        free      shared  buff/cache   available
Mem:    540822224896 82626879488 457327095808    26877952   868249600 456583557120
Swap:             0           0           0

              total        used        free      shared  buff/cache   available
Mem:    540822224896 82794467328 457159507968    26877952   868249600 456415969280
Swap:             0           0           0

              total        used        free      shared  buff/cache   available
Mem:    540822224896 44895334400 495051280384    26820608   875610112 494312148992
Swap:             0           0           0

              total        used        free      shared  buff/cache   available
Mem:    540822224896 45604339712 494342270976    26820608   875614208 493603139584
Swap:             0           0           0

              total        used        free      shared  buff/cache   available
Mem:    540822224896 46321274880 493625335808    26820608   875614208 492886208512
Swap:             0           0           0

              total        used        free      shared  buff/cache   available
Mem:    540822224896 47059951616 492886654976    26820608   875618304 492147531776
Swap:             0           0           0

              total        used        free      shared  buff/cache   available
Mem:    540822224896 47749705728 492196900864    26820608   875618304 491457781760
Swap:             0           0           0

              total        used        free      shared  buff/cache   available
Mem:    540822224896 48437641216 491508965376    26820608   875618304 490769846272
Swap:             0           0           0

              total        used        free      shared  buff/cache   available
Mem:    540822224896 49126092800 490820513792    26820608   875618304 490081394688
Swap:             0           0           0

              total        used        free      shared  buff/cache   available
Mem:    540822224896 49910378496 490036228096    26820608   875618304 489297108992
Swap:             0           0           0

              total        used        free      shared  buff/cache   available
Mem:    540822224896 50594045952 489352560640    26820608   875618304 488613441536
Swap:             0           0           0

              total        used        free      shared  buff/cache   available
Mem:    540822224896 50065055744 489881550848    26820608   875618304 489142431744
Swap:             0           0           0

              total        used        free      shared  buff/cache   available
Mem:    540822224896 50194812928 489751793664    26820608   875618304 489012674560
Swap:             0           0           0

              total        used        free      shared  buff/cache   available
Mem:    540822224896 50323652608 489622953984    26820608   875618304 488883834880
Swap:             0           0           0

              total        used        free      shared  buff/cache   available
Mem:    540822224896 50402856960 489543749632    26820608   875618304 488804630528
Swap:             0           0           0

              total        used        free      shared  buff/cache   available
Mem:    540822224896 50533044224 489413562368    26820608   875618304 488674443264
Swap:             0           0           0

              total        used        free      shared  buff/cache   available
Mem:    540822224896 50613137408 489333469184    26820608   875618304 488594350080
Swap:             0           0           0

              total        used        free      shared  buff/cache   available
Mem:    540822224896 50693230592 489253376000    26820608   875618304 488514256896
Swap:             0           0           0

              total        used        free      shared  buff/cache   available
Mem:    540822224896 51053023232 488893583360    26820608   875618304 488154464256
Swap:             0           0           0

              total        used        free      shared  buff/cache   available
Mem:    540822224896 51740061696 488206544896    26820608   875618304 487467425792
Swap:             0           0           0

              total        used        free      shared  buff/cache   available
Mem:    540822224896 52428607488 487517999104    26820608   875618304 486778880000
Swap:             0           0           0

              total        used        free      shared  buff/cache   available
Mem:    540822224896 51733258240 488213348352    26820608   875618304 487474229248
Swap:             0           0           0

              total        used        free      shared  buff/cache   available
Mem:    540822224896 51850461184 488096145408    26820608   875618304 487357026304
Swap:             0           0           0

              total        used        free      shared  buff/cache   available
Mem:    540822224896 51979161600 487967440896    26820608   875622400 487228325888
Swap:             0           0           0

              total        used        free      shared  buff/cache   available
Mem:    540822224896 52056641536 487889960960    26820608   875622400 487150845952
Swap:             0           0           0

              total        used        free      shared  buff/cache   available
Mem:    540822224896 52186046464 487760551936    26820608   875626496 487021441024
Swap:             0           0           0

              total        used        free      shared  buff/cache   available
Mem:    540822224896 52265611264 487680983040    26820608   875630592 486941872128
Swap:             0           0           0

              total        used        free      shared  buff/cache   available
Mem:    540822224896 52345507840 487601086464    26820608   875630592 486861975552
Swap:             0           0           0

              total        used        free      shared  buff/cache   available
Mem:    540822224896 52975374336 486971219968    26820608   875630592 486232109056
Swap:             0           0           0

              total        used        free      shared  buff/cache   available
Mem:    540822224896 53662031872 486284562432    26820608   875630592 485545451520
Swap:             0           0           0

              total        used        free      shared  buff/cache   available
Mem:    540822224896 54350848000 485595746304    26820608   875630592 484856635392
Swap:             0           0           0

              total        used        free      shared  buff/cache   available
Mem:    540822224896 53550284800 486396309504    26820608   875630592 485657198592
Swap:             0           0           0

              total        used        free      shared  buff/cache   available
Mem:    540822224896 53666471936 486280122368    26820608   875630592 485541011456
Swap:             0           0           0

              total        used        free      shared  buff/cache   available
Mem:    540822224896 53795180544 486151413760    26820608   875630592 485412302848
Swap:             0           0           0

              total        used        free      shared  buff/cache   available
Mem:    540822224896 53874401280 486072193024    26820608   875630592 485333082112
Swap:             0           0           0

              total        used        free      shared  buff/cache   available
Mem:    540822224896 54004572160 485942022144    26820608   875630592 485202911232
Swap:             0           0           0

              total        used        free      shared  buff/cache   available
Mem:    540822224896 54084001792 485862592512    26820608   875630592 485123481600
Swap:             0           0           0

              total        used        free      shared  buff/cache   available
Mem:    540822224896 54330941440 485615652864    26820608   875630592 484876541952
Swap:             0           0           0

              total        used        free      shared  buff/cache   available
Mem:    540822224896 55120166912 484826427392    26820608   875630592 484087316480
Swap:             0           0           0

              total        used        free      shared  buff/cache   available
Mem:    540822224896 55809568768 484137025536    26820608   875630592 483397914624
Swap:             0           0           0

              total        used        free      shared  buff/cache   available
Mem:    540822224896 56486694912 483460104192    26820608   875425792 482720997376
Swap:             0           0           0

              total        used        free      shared  buff/cache   available
Mem:    540822224896 65095729152 474850721792    26820608   875773952 474111614976
Swap:             0           0           0

              total        used        free      shared  buff/cache   available
Mem:    540822224896 73851277312 466094698496    26820608   876249088 465354956800
Swap:             0           0           0

              total        used        free      shared  buff/cache   available
Mem:    540822224896 87047901184 452898070528    26820608   876253184 452158963712
Swap:             0           0           0

              total        used        free      shared  buff/cache   available
Mem:    540822224896 95138304000 444807675904    26820608   876244992 444068569088
Swap:             0           0           0

              total        used        free      shared  buff/cache   available
Mem:    540822224896 101090246656 438855745536    26820608   876232704 438116638720
Swap:             0           0           0

              total        used        free      shared  buff/cache   available
Mem:    540822224896 103082115072 436863877120    26820608   876232704 436124774400
Swap:             0           0           0

              total        used        free      shared  buff/cache   available
Mem:    540822224896 104046903296 435899088896    26820608   876232704 435159986176
Swap:             0           0           0

              total        used        free      shared  buff/cache   available
Mem:    540822224896 104593739776 435352252416    26820608   876232704 434613149696
Swap:             0           0           0

              total        used        free      shared  buff/cache   available
Mem:    540822224896 105043980288 434902007808    26820608   876236800 434162905088
Swap:             0           0           0

              total        used        free      shared  buff/cache   available
Mem:    540822224896 105463541760 434482446336    26820608   876236800 433743343616
Swap:             0           0           0

              total        used        free      shared  buff/cache   available
Mem:    540822224896 105720066048 434225922048    26820608   876236800 433486819328
Swap:             0           0           0

              total        used        free      shared  buff/cache   available
Mem:    540822224896 105904914432 434041073664    26820608   876236800 433301970944
Swap:             0           0           0

              total        used        free      shared  buff/cache   available
Mem:    540822224896 71467913216 468478107648    26820608   876204032 467739009024
Swap:             0           0           0

              total        used        free      shared  buff/cache   available
Mem:    540822224896 93261926400 446684094464    26820608   876204032 445944995840
Swap:             0           0           0

              total        used        free      shared  buff/cache   available
Mem:    540822224896 105667399680 434278572032    26820608   876253184 433539473408
Swap:             0           0           0

              total        used        free      shared  buff/cache   available
Mem:    540822224896 106032603136 433913368576    26820608   876253184 433174269952
Swap:             0           0           0

              total        used        free      shared  buff/cache   available
Mem:    540822224896 106273931264 433672040448    26820608   876253184 432932941824
Swap:             0           0           0

              total        used        free      shared  buff/cache   available
Mem:    540822224896 106493902848 433452068864    26820608   876253184 432712970240
Swap:             0           0           0

              total        used        free      shared  buff/cache   available
Mem:    540822224896 106632073216 433313972224    26820608   876179456 432574873600
Swap:             0           0           0

              total        used        free      shared  buff/cache   available
Mem:    540822224896 106752016384 433194029056    26820608   876179456 432454930432
Swap:             0           0           0

              total        used        free      shared  buff/cache   available
Mem:    540822224896 106966495232 432979550208    26820608   876179456 432240451584
Swap:             0           0           0

              total        used        free      shared  buff/cache   available
Mem:    540822224896 107065081856 432880963584    26820608   876179456 432141864960
Swap:             0           0           0

              total        used        free      shared  buff/cache   available
Mem:    540822224896 107227410432 432718635008    26820608   876179456 431979536384
Swap:             0           0           0

              total        used        free      shared  buff/cache   available
Mem:    540822224896 70281228288 469664292864    26820608   876703744 468925194240
Swap:             0           0           0

              total        used        free      shared  buff/cache   available
Mem:    540822224896 78974373888 460971147264    26820608   876703744 460232048640
Swap:             0           0           0

              total        used        free      shared  buff/cache   available
Mem:    540822224896 86172487680 453773033472    26820608   876703744 453033934848
Swap:             0           0           0

              total        used        free      shared  buff/cache   available
Mem:    540822224896 104494178304 435451858944    26820608   876187648 434712760320
Swap:             0           0           0

              total        used        free      shared  buff/cache   available
Mem:    540822224896 108438315008 431507206144    26820608   876703744 430768107520
Swap:             0           0           0

              total        used        free      shared  buff/cache   available
Mem:    540822224896 108725710848 431220314112    26820608   876199936 430481215488
Swap:             0           0           0

              total        used        free      shared  buff/cache   available
Mem:    540822224896 108893806592 431052218368    26820608   876199936 430313119744
Swap:             0           0           0

              total        used        free      shared  buff/cache   available
Mem:    540822224896 109058367488 430887657472    26820608   876199936 430147923968
Swap:             0           0           0

              total        used        free      shared  buff/cache   available
Mem:    540822224896 109299744768 430646280192    26820608   876199936 429907181568
Swap:             0           0           0

              total        used        free      shared  buff/cache   available
Mem:    540822224896 109429792768 430516232192    26820608   876199936 429777133568
Swap:             0           0           0

              total        used        free      shared  buff/cache   available
Mem:    540822224896 109732036608 430213984256    26820608   876204032 429474889728
Swap:             0           0           0

              total        used        free      shared  buff/cache   available
Mem:    540822224896 58469199872 481477181440    26820608   875843584 480738095104
Swap:             0           0           0

              total        used        free      shared  buff/cache   available
Mem:    540822224896 59204308992 480742072320    26820608   875843584 480002985984
Swap:             0           0           0

              total        used        free      shared  buff/cache   available
Mem:    540822224896 59892711424 480053669888    26820608   875843584 479314583552
Swap:             0           0           0

              total        used        free      shared  buff/cache   available
Mem:    540822224896 60633022464 479313358848    26820608   875843584 478574272512
Swap:             0           0           0

              total        used        free      shared  buff/cache   available
Mem:    540822224896 61324484608 478621896704    26820608   875843584 477882814464
Swap:             0           0           0

              total        used        free      shared  buff/cache   available
Mem:    540822224896 62013349888 477933031424    26820608   875843584 477193949184
Swap:             0           0           0

              total        used        free      shared  buff/cache   available
Mem:    540822224896 62797795328 477148585984    26820608   875843584 476409503744
Swap:             0           0           0

              total        used        free      shared  buff/cache   available
Mem:    540822224896 63486488576 476459892736    26820608   875843584 475720810496
Swap:             0           0           0

              total        used        free      shared  buff/cache   available
Mem:    540822224896 64174845952 475771535360    26820608   875843584 475032453120
Swap:             0           0           0

              total        used        free      shared  buff/cache   available
Mem:    540822224896 63562428416 476383911936    26820608   875884544 475644850176
Swap:             0           0           0

              total        used        free      shared  buff/cache   available
Mem:    540822224896 63687438336 476258902016    26820608   875884544 475519840256
Swap:             0           0           0

              total        used        free      shared  buff/cache   available
Mem:    540822224896 63817101312 476129251328    26820608   875872256 475390189568
Swap:             0           0           0

              total        used        free      shared  buff/cache   available
Mem:    540822224896 63896948736 476049403904    26820608   875872256 475310342144
Swap:             0           0           0

              total        used        free      shared  buff/cache   available
Mem:    540822224896 64026787840 475919564800    26820608   875872256 475180503040
Swap:             0           0           0

              total        used        free      shared  buff/cache   available
Mem:    540822224896 64107380736 475838971904    26820608   875872256 475099910144
Swap:             0           0           0

              total        used        free      shared  buff/cache   available
Mem:    540822224896 64188592128 475757760512    26820608   875872256 475018698752
Swap:             0           0           0

              total        used        free      shared  buff/cache   available
Mem:    540822224896 64583557120 475362795520    26820608   875872256 474623733760
Swap:             0           0           0

              total        used        free      shared  buff/cache   available
Mem:    540822224896 65275793408 474670559232    26820608   875872256 473931497472
Swap:             0           0           0

              total        used        free      shared  buff/cache   available
Mem:    540822224896 65968234496 473978118144    26820608   875872256 473239056384
Swap:             0           0           0

              total        used        free      shared  buff/cache   available
Mem:    540822224896 65178742784 474767609856    26820608   875872256 474028548096
Swap:             0           0           0

              total        used        free      shared  buff/cache   available
Mem:    540822224896 65298644992 474647707648    26820608   875872256 473908645888
Swap:             0           0           0

              total        used        free      shared  buff/cache   available
Mem:    540822224896 65426960384 474519392256    26820608   875872256 473780330496
Swap:             0           0           0

              total        used        free      shared  buff/cache   available
Mem:    540822224896 65506172928 474440179712    26820608   875872256 473701117952
Swap:             0           0           0

              total        used        free      shared  buff/cache   available
Mem:    540822224896 65634672640 474311675904    26820608   875876352 473572614144
Swap:             0           0           0

              total        used        free      shared  buff/cache   available
Mem:    540822224896 65714622464 474231726080    26820608   875876352 473492668416
Swap:             0           0           0

              total        used        free      shared  buff/cache   available
Mem:    540822224896 65840029696 474106327040    26820608   875868160 473367269376
Swap:             0           0           0

              total        used        free      shared  buff/cache   available
Mem:    540822224896 66635182080 473311174656    26820608   875868160 472572116992
Swap:             0           0           0

              total        used        free      shared  buff/cache   available
Mem:    540822224896 67331006464 472615346176    26820608   875872256 471876292608
Swap:             0           0           0

              total        used        free      shared  buff/cache   available
Mem:    540822224896 68027691008 471918661632    26820608   875872256 471179608064
Swap:             0           0           0

              total        used        free      shared  buff/cache   available
Mem:    540822224896 67171676160 472774672384    26820608   875876352 472035622912
Swap:             0           0           0

              total        used        free      shared  buff/cache   available
Mem:    540822224896 67273441280 472672907264    26820608   875876352 471933857792
Swap:             0           0           0

              total        used        free      shared  buff/cache   available
Mem:    540822224896 67402141696 472544206848    26820608   875876352 471805157376
Swap:             0           0           0

              total        used        free      shared  buff/cache   available
Mem:    540822224896 67479568384 472466780160    26820608   875876352 471727730688
Swap:             0           0           0

              total        used        free      shared  buff/cache   available
Mem:    540822224896 67608358912 472337989632    26820608   875876352 471598940160
Swap:             0           0           0

              total        used        free      shared  buff/cache   available
Mem:    540822224896 67688308736 472258039808    26820608   875876352 471518990336
Swap:             0           0           0

              total        used        free      shared  buff/cache   available
Mem:    540822224896 67829334016 472117014528    26820608   875876352 471377965056
Swap:             0           0           0

              total        used        free      shared  buff/cache   available
Mem:    540822224896 68620689408 471325659136    26820608   875876352 470586609664
Swap:             0           0           0

              total        used        free      shared  buff/cache   available
Mem:    540822224896 69305204736 470641143808    26820608   875876352 469902094336
Swap:             0           0           0

              total        used        free      shared  buff/cache   available
Mem:    540822224896 69942562816 470003785728    26820608   875876352 469264736256
Swap:             0           0           0

              total        used        free      shared  buff/cache   available
Mem:    540822224896 77518307328 462427713536    26820608   876204032 461688672256
Swap:             0           0           0

              total        used        free      shared  buff/cache   available
Mem:    540822224896 119757123584 420188897280    26820608   876204032 419449856000
Swap:             0           0           0

              total        used        free      shared  buff/cache   available
Mem:    540822224896 123222056960 416723963904    26820608   876204032 415984922624
Swap:             0           0           0

              total        used        free      shared  buff/cache   available
Mem:    540822224896 125521801216 414424219648    26820608   876204032 413685178368
Swap:             0           0           0

              total        used        free      shared  buff/cache   available
Mem:    540822224896 127195893760 412750127104    26820608   876204032 412011085824
Swap:             0           0           0

              total        used        free      shared  buff/cache   available
Mem:    540822224896 128515420160 411430600704    26820608   876204032 410691559424
Swap:             0           0           0

              total        used        free      shared  buff/cache   available
Mem:    540822224896 129242116096 410703900672    26820608   876208128 409964859392
Swap:             0           0           0

              total        used        free      shared  buff/cache   available
Mem:    540822224896 129895149568 410050863104    26820608   876212224 409311821824
Swap:             0           0           0

              total        used        free      shared  buff/cache   available
Mem:    540822224896 130505097216 409440915456    26820608   876212224 408701874176
Swap:             0           0           0

              total        used        free      shared  buff/cache   available
Mem:    540822224896 130969759744 408976248832    26820608   876216320 408237207552
Swap:             0           0           0

              total        used        free      shared  buff/cache   available
Mem:    540822224896 131472048128 408473960448    26820608   876216320 407734919168
Swap:             0           0           0

              total        used        free      shared  buff/cache   available
Mem:    540822224896 87873818624 452071366656    26820608   877039616 451332325376
Swap:             0           0           0

              total        used        free      shared  buff/cache   available
Mem:    540822224896 105127403520 434818359296    26820608   876462080 434079322112
Swap:             0           0           0

              total        used        free      shared  buff/cache   available
Mem:    540822224896 129802207232 410143547392    26820608   876470272 409404514304
Swap:             0           0           0

              total        used        free      shared  buff/cache   available
Mem:    540822224896 130796212224 409149542400    26820608   876470272 408410509312
Swap:             0           0           0

              total        used        free      shared  buff/cache   available
Mem:    540822224896 131436343296 408509419520    26820608   876462080 407770386432
Swap:             0           0           0

              total        used        free      shared  buff/cache   available
Mem:    540822224896 131951927296 407993843712    26820608   876453888 407254810624
Swap:             0           0           0

              total        used        free      shared  buff/cache   available
Mem:    540822224896 132349394944 407596376064    26820608   876453888 406857342976
Swap:             0           0           0

              total        used        free      shared  buff/cache   available
Mem:    540822224896 132669947904 407275823104    26820608   876453888 406536790016
Swap:             0           0           0

              total        used        free      shared  buff/cache   available
Mem:    540822224896 132938600448 407007170560    26820608   876453888 406268137472
Swap:             0           0           0

              total        used        free      shared  buff/cache   available
Mem:    540822224896 133276884992 406668886016    26820608   876453888 405929852928
Swap:             0           0           0

              total        used        free      shared  buff/cache   available
Mem:    540822224896 133475565568 406470205440    26820608   876453888 405731172352
Swap:             0           0           0

              total        used        free      shared  buff/cache   available
Mem:    540822224896 133930274816 406015569920    26820608   876380160 405276536832
Swap:             0           0           0

              total        used        free      shared  buff/cache   available
Mem:    540822224896 90834743296 449110466560    26820608   877015040 448371433472
Swap:             0           0           0

              total        used        free      shared  buff/cache   available
Mem:    540822224896 98449354752 441495871488    26820608   876998656 440756838400
Swap:             0           0           0

              total        used        free      shared  buff/cache   available
Mem:    540822224896 105230000128 434715267072    26820608   876957696 433976233984
Swap:             0           0           0

              total        used        free      shared  buff/cache   available
Mem:    540822224896 130389352448 409555914752    26820608   876957696 408816881664
Swap:             0           0           0

              total        used        free      shared  buff/cache   available
Mem:    540822224896 133586386944 406358880256    26820608   876957696 405619847168
Swap:             0           0           0

              total        used        free      shared  buff/cache   available
Mem:    540822224896 134114922496 405830254592    26820608   877047808 405091221504
Swap:             0           0           0

              total        used        free      shared  buff/cache   available
Mem:    540822224896 134642118656 405303058432    26820608   877047808 404564025344
Swap:             0           0           0

              total        used        free      shared  buff/cache   available
Mem:    540822224896 134923911168 405021257728    26820608   877056000 404282224640
Swap:             0           0           0

              total        used        free      shared  buff/cache   available
Mem:    540822224896 135335919616 404609249280    26820608   877056000 403870220288
Swap:             0           0           0

              total        used        free      shared  buff/cache   available
Mem:    540822224896 135604330496 404340838400    26820608   877056000 403601809408
Swap:             0           0           0

              total        used        free      shared  buff/cache   available
Mem:    540822224896 135915655168 404029513728    26820608   877056000 403290484736
Swap:             0           0           0

              total        used        free      shared  buff/cache   available
Mem:    540822224896 71774441472 468171284480    26820608   876498944 467432255488
Swap:             0           0           0

              total        used        free      shared  buff/cache   available
Mem:    540822224896 72475144192 467470581760    26820608   876498944 466731552768
Swap:             0           0           0

              total        used        free      shared  buff/cache   available
Mem:    540822224896 73196052480 466749673472    26820608   876498944 466010644480
Swap:             0           0           0

              total        used        free      shared  buff/cache   available
Mem:    540822224896 73935523840 466010202112    26820608   876498944 465271173120
Swap:             0           0           0

              total        used        free      shared  buff/cache   available
Mem:    540822224896 74615267328 465330458624    26820608   876498944 464591429632
Swap:             0           0           0

              total        used        free      shared  buff/cache   available
Mem:    540822224896 75293974528 464651751424    26820608   876498944 463912722432
Swap:             0           0           0

              total        used        free      shared  buff/cache   available
Mem:    540822224896 75974766592 463970959360    26820608   876498944 463231930368
Swap:             0           0           0

              total        used        free      shared  buff/cache   available
Mem:    540822224896 76755611648 463190114304    26820608   876498944 462451085312
Swap:             0           0           0

              total        used        free      shared  buff/cache   available
Mem:    540822224896 77437833216 462507892736    26820608   876498944 461768867840
Swap:             0           0           0

              total        used        free      shared  buff/cache   available
Mem:    540822224896 76986265600 462959460352    26820608   876498944 462220435456
Swap:             0           0           0

              total        used        free      shared  buff/cache   available
Mem:    540822224896 77104136192 462841581568    26820608   876507136 462102556672
Swap:             0           0           0

              total        used        free      shared  buff/cache   available
Mem:    540822224896 77231833088 462713884672    26820608   876507136 461974859776
Swap:             0           0           0

              total        used        free      shared  buff/cache   available
Mem:    540822224896 77311995904 462633721856    26820608   876507136 461894696960
Swap:             0           0           0

              total        used        free      shared  buff/cache   available
Mem:    540822224896 77440557056 462505160704    26820608   876507136 461766135808
Swap:             0           0           0

              total        used        free      shared  buff/cache   available
Mem:    540822224896 77518770176 462426939392    26820608   876515328 461687914496
Swap:             0           0           0

              total        used        free      shared  buff/cache   available
Mem:    540822224896 77597974528 462347735040    26820608   876515328 461608710144
Swap:             0           0           0

              total        used        free      shared  buff/cache   available
Mem:    540822224896 77676318720 462269390848    26820608   876515328 461530365952
Swap:             0           0           0

              total        used        free      shared  buff/cache   available
Mem:    540822224896 78399885312 461545824256    26820608   876515328 460806799360
Swap:             0           0           0

              total        used        free      shared  buff/cache   available
Mem:    540822224896 79074029568 460871680000    26820608   876515328 460132655104
Swap:             0           0           0

              total        used        free      shared  buff/cache   available
Mem:    540822224896 78531571712 461414137856    26820608   876515328 460675112960
Swap:             0           0           0

              total        used        free      shared  buff/cache   available
Mem:    540822224896 78653685760 461292019712    26820608   876519424 460552994816
Swap:             0           0           0

              total        used        free      shared  buff/cache   available
Mem:    540822224896 78781546496 461164158976    26820608   876519424 460425138176
Swap:             0           0           0

              total        used        free      shared  buff/cache   available
Mem:    540822224896 78857822208 461087883264    26820608   876519424 460348862464
Swap:             0           0           0

              total        used        free      shared  buff/cache   available
Mem:    540822224896 78986985472 460958720000    26820608   876519424 460219699200
Swap:             0           0           0

              total        used        free      shared  buff/cache   available
Mem:    540822224896 79065333760 460880371712    26820608   876519424 460141350912
Swap:             0           0           0

              total        used        free      shared  buff/cache   available
Mem:    540822224896 79144546304 460801159168    26820608   876519424 460062138368
Swap:             0           0           0

              total        used        free      shared  buff/cache   available
Mem:    540822224896 79498522624 460447182848    26820608   876519424 459708162048
Swap:             0           0           0

              total        used        free      shared  buff/cache   available
Mem:    540822224896 80278089728 459667615744    26820608   876519424 458928594944
Swap:             0           0           0

              total        used        free      shared  buff/cache   available
Mem:    540822224896 80950628352 458995077120    26820608   876519424 458256056320
Swap:             0           0           0

              total        used        free      shared  buff/cache   available
Mem:    540822224896 80389201920 459556503552    26820608   876519424 458817482752
Swap:             0           0           0

              total        used        free      shared  buff/cache   available
Mem:    540822224896 80511856640 459433848832    26820608   876519424 458694828032
Swap:             0           0           0

              total        used        free      shared  buff/cache   available
Mem:    540822224896 80637050880 459308654592    26820608   876519424 458569633792
Swap:             0           0           0

              total        used        free      shared  buff/cache   available
Mem:    540822224896 80714567680 459231133696    26820608   876523520 458492112896
Swap:             0           0           0

              total        used        free      shared  buff/cache   available
Mem:    540822224896 80841572352 459104129024    26820608   876523520 458365108224
Swap:             0           0           0

              total        used        free      shared  buff/cache   available
Mem:    540822224896 80919490560 459026206720    26820608   876527616 458287185920
Swap:             0           0           0

              total        used        free      shared  buff/cache   available
Mem:    540822224896 80997552128 458948145152    26820608   876527616 458209124352
Swap:             0           0           0

              total        used        free      shared  buff/cache   available
Mem:    540822224896 81490501632 458455195648    26820608   876527616 457716174848
Swap:             0           0           0

              total        used        free      shared  buff/cache   available
Mem:    540822224896 82269315072 457676382208    26820608   876527616 456937361408
Swap:             0           0           0

              total        used        free      shared  buff/cache   available
Mem:    540822224896 82950004736 456995692544    26820608   876527616 456256671744
Swap:             0           0           0

              total        used        free      shared  buff/cache   available
Mem:    540822224896 82407788544 457537904640    26820608   876531712 456798887936
Swap:             0           0           0

              total        used        free      shared  buff/cache   available
Mem:    540822224896 123273461760 416671858688    26820608   876904448 415932211200
Swap:             0           0           0

              total        used        free      shared  buff/cache   available
Mem:    540822224896 139449565184 400495755264    26820608   876904448 399756742656
Swap:             0           0           0

              total        used        free      shared  buff/cache   available
Mem:    540822224896 143792402432 396152918016    26820608   876904448 395413905408
Swap:             0           0           0

              total        used        free      shared  buff/cache   available
Mem:    540822224896 147045412864 392899903488    26820608   876908544 392160890880
Swap:             0           0           0

              total        used        free      shared  buff/cache   available
Mem:    540822224896 149184811008 390760505344    26820608   876908544 390021492736
Swap:             0           0           0

              total        used        free      shared  buff/cache   available
Mem:    540822224896 151320563712 388624752640    26820608   876908544 387885740032
Swap:             0           0           0

              total        used        free      shared  buff/cache   available
Mem:    540822224896 153014312960 386931003392    26820608   876908544 386191990784
Swap:             0           0           0

              total        used        free      shared  buff/cache   available
Mem:    540822224896 154077605888 385867710464    26820608   876908544 385128697856
Swap:             0           0           0

              total        used        free      shared  buff/cache   available
Mem:    540822224896 155091353600 384853962752    26820608   876908544 384114950144
Swap:             0           0           0

              total        used        free      shared  buff/cache   available
Mem:    540822224896 155891912704 384053403648    26820608   876908544 383314391040
Swap:             0           0           0

              total        used        free      shared  buff/cache   available
Mem:    540822224896 156498124800 383447191552    26820608   876908544 382708178944
Swap:             0           0           0

              total        used        free      shared  buff/cache   available
Mem:    540822224896 103719763968 436224512000    26820608   877948928 435485499392
Swap:             0           0           0

              total        used        free      shared  buff/cache   available
Mem:    540822224896 118366285824 421578805248    26820608   877133824 420839157760
Swap:             0           0           0

              total        used        free      shared  buff/cache   available
Mem:    540822224896 152356712448 387588349952    26820608   877162496 386849341440
Swap:             0           0           0

              total        used        free      shared  buff/cache   available
Mem:    540822224896 153772412928 386172645376    26820608   877166592 385433636864
Swap:             0           0           0

              total        used        free      shared  buff/cache   available
Mem:    540822224896 154961534976 384983523328    26820608   877166592 384244514816
Swap:             0           0           0

              total        used        free      shared  buff/cache   available
Mem:    540822224896 155974520832 383970537472    26820608   877166592 383231528960
Swap:             0           0           0

              total        used        free      shared  buff/cache   available
Mem:    540822224896 156680421376 383264636928    26820608   877166592 382525628416
Swap:             0           0           0

              total        used        free      shared  buff/cache   available
Mem:    540822224896 157254053888 382691004416    26820608   877166592 381951995904
Swap:             0           0           0

              total        used        free      shared  buff/cache   available
Mem:    540822224896 157741146112 382203912192    26820608   877166592 381464903680
Swap:             0           0           0

              total        used        free      shared  buff/cache   available
Mem:    540822224896 158318968832 381626089472    26820608   877166592 380887080960
Swap:             0           0           0

              total        used        free      shared  buff/cache   available
Mem:    540822224896 158753894400 381191163904    26820608   877166592 380452155392
Swap:             0           0           0

              total        used        free      shared  buff/cache   available
Mem:    540822224896 159452319744 380492738560    26820608   877166592 379753730048
Swap:             0           0           0

              total        used        free      shared  buff/cache   available
Mem:    540822224896 105534734336 434409951232    26820608   877539328 433670946816
Swap:             0           0           0

              total        used        free      shared  buff/cache   available
Mem:    540822224896 114008526848 425936158720    26820608   877539328 425197154304
Swap:             0           0           0

              total        used        free      shared  buff/cache   available
Mem:    540822224896 121121832960 418822852608    26820608   877539328 418083848192
Swap:             0           0           0

              total        used        free      shared  buff/cache   available
Mem:    540822224896 143123582976 396821102592    26820608   877539328 396082098176
Swap:             0           0           0

              total        used        free      shared  buff/cache   available
Mem:    540822224896 156223213568 383721390080    26820608   877621248 382982385664
Swap:             0           0           0

              total        used        free      shared  buff/cache   available
Mem:    540822224896 157287583744 382657019904    26820608   877621248 381918015488
Swap:             0           0           0

              total        used        free      shared  buff/cache   available
Mem:    540822224896 158248357888 381696245760    26820608   877621248 380957241344
Swap:             0           0           0

              total        used        free      shared  buff/cache   available
Mem:    540822224896 159091458048 380853145600    26820608   877621248 380114141184
Swap:             0           0           0

              total        used        free      shared  buff/cache   available
Mem:    540822224896 159654686720 380289912832    26820608   877625344 379550908416
Swap:             0           0           0

              total        used        free      shared  buff/cache   available
Mem:    540822224896 160240230400 379704741888    26820608   877252608 378965782528
Swap:             0           0           0

              total        used        free      shared  buff/cache   available
Mem:    540822224896 160688947200 379256025088    26820608   877252608 378517065728
Swap:             0           0           0

              total        used        free      shared  buff/cache   available
Mem:    540822224896 84956610560 454988873728    26820608   876740608 454249914368
Swap:             0           0           0

              total        used        free      shared  buff/cache   available
Mem:    540822224896 85670490112 454274994176    26820608   876740608 453536034816
Swap:             0           0           0

              total        used        free      shared  buff/cache   available
Mem:    540822224896 86371115008 453574520832    26820608   876589056 452835561472
Swap:             0           0           0

              total        used        free      shared  buff/cache   available
Mem:    540822224896 87050285056 452895350784    26820608   876589056 452156395520
Swap:             0           0           0

              total        used        free      shared  buff/cache   available
Mem:    540822224896 87779315712 452166320128    26820608   876589056 451427364864
Swap:             0           0           0

              total        used        free      shared  buff/cache   available
Mem:    540822224896 88455938048 451489697792    26820608   876589056 450750742528
Swap:             0           0           0

              total        used        free      shared  buff/cache   available
Mem:    540822224896 89130278912 450815356928    26820608   876589056 450076401664
Swap:             0           0           0
